16:38:54 **** Build of configuration Debug for project CPPhowtoprogram8th_TheCppProgramming2ndedtion_HelloWCppP_MacOSX_GCC ****
make all 
Building file: ../src/CPPhowtoprogram8th_TheCppProgramming2ndedtion_HelloWCppP_MacOSX_GCC.cpp
Invoking: GCC C++ Compiler
g++ -O0 -g3 -Wall -c -fmessage-length=0 -MMD -MP -MF"src/CPPhowtoprogram8th_TheCppProgramming2ndedtion_HelloWCppP_MacOSX_GCC.d" -MT"src/CPPhowtoprogram8th_TheCppProgramming2ndedtion_HelloWCppP_MacOSX_GCC.o" -o "src/CPPhowtoprogram8th_TheCppProgramming2ndedtion_HelloWCppP_MacOSX_GCC.o" "../src/CPPhowtoprogram8th_TheCppProgramming2ndedtion_HelloWCppP_MacOSX_GCC.cpp"
Finished building: ../src/CPPhowtoprogram8th_TheCppProgramming2ndedtion_HelloWCppP_MacOSX_GCC.cpp
 
Building target: CPPhowtoprogram8th_TheCppProgramming2ndedtion_HelloWCppP_MacOSX_GCC
Invoking: MacOS X C++ Linker
g++  -o "CPPhowtoprogram8th_TheCppProgramming2ndedtion_HelloWCppP_MacOSX_GCC"  ./src/CPPhowtoprogram8th_TheCppProgramming2ndedtion_HelloWCppP_MacOSX_GCC.o   
Finished building target: CPPhowtoprogram8th_TheCppProgramming2ndedtion_HelloWCppP_MacOSX_GCC
 
16:39:02 **** Incremental Build of configuration Debug for project hw_cpp_project_MacOSX_GCC ****
make all 
make: Nothing to be done for `all'.
16:39:20 **** Incremental Build of configuration Debug for project CPPhowtoprogram8th_TheCppProgramming2ndedtion_HelloWCppP_MacOSX_GCC ****
make all 
make: Nothing to be done for `all'.
16:45:50 **** Incremental Build of configuration Debug for project CPPhowtoprogram8th_TheCppProgramming2ndedtion_HelloWCppP_MacOSX_GCC ****
make all 
Building file: ../src/GradeBook.cpp
Invoking: GCC C++ Compiler
g++ -O0 -g3 -Wall -c -fmessage-length=0 -MMD -MP -MF"src/GradeBook.d" -MT"src/GradeBook.o" -o "src/GradeBook.o" "../src/GradeBook.cpp"
In file included from ../src/GradeBook.cpp:8:
../src/GradeBook.h:3:17: error: expected ';' after using declaration
using namespaces std;
                ^
                ;
../src/GradeBook.h:3:7: error: using declaration requires a qualified name
using namespaces std;
      ^
../src/GradeBook.h:6:2: error: unknown type name 'string'; did you mean 'std::string'?
        string courseBook;
        ^~~~~~
        std::string
/Library/Developer/CommandLineTools/usr/bin/../include/c++/v1/iosfwd:194:65: note: 'std::string' declared here
typedef basic_string<char, char_traits<char>, allocator<char> > string;
                                                                ^
In file included from ../src/GradeBook.cpp:8:
../src/GradeBook.h:8:12: error: unknown type name 'string'; did you mean 'std::string'?
        GradeBook(string);
                  ^~~~~~
                  std::string
/Library/Developer/CommandLineTools/usr/bin/../include/c++/v1/iosfwd:194:65: note: 'std::string' declared here
typedef basic_string<char, char_traits<char>, allocator<char> > string;
                                                                ^
In file included from ../src/GradeBook.cpp:8:
../src/GradeBook.h:9:21: error: unknown type name 'string'; did you mean 'std::string'?
        void setCourseName(string);
                           ^~~~~~
                           std::string
/Library/Developer/CommandLineTools/usr/bin/../include/c++/v1/iosfwd:194:65: note: 'std::string' declared here
typedef basic_string<char, char_traits<char>, allocator<char> > string;
                                                                ^
In file included from ../src/GradeBook.cpp:8:
../src/GradeBook.h:10:2: error: unknown type name 'string'; did you mean 'std::string'?
        string getCourseName();
        ^~~~~~
        std::string
/Library/Developer/CommandLineTools/usr/bin/../include/c++/v1/iosfwd:194:65: note: 'std::string' declared here
typedef basic_string<char, char_traits<char>, allocator<char> > string;
                                                                ^
In file included from ../src/GradeBook.cpp:8:
../src/GradeBook.h:12:2: error: C++ requires a type specifier for all declarations
        determineClassAverage();
        ^
../src/GradeBook.cpp:12:12: error: cannot define or redeclare 'GradeBook' here because namespace 'std' does not enclose namespace 'GradeBook'
GradeBook::GradeBook() {
~~~~~~~~~~~^
../src/GradeBook.cpp:17:12: error: cannot define or redeclare '~GradeBook' here because namespace 'std' does not enclose namespace 'GradeBook'
GradeBook::~GradeBook() {
~~~~~~~~~~~^
9 errors generated.
make: *** [src/GradeBook.o] Error 1
"make all" terminated with exit code 2. Build might be incomplete.
16:45:51 **** Incremental Build of configuration Debug for project hw_cpp_project_MacOSX_GCC ****
make all 
make: Nothing to be done for `all'.
16:45:51 **** Incremental Build of configuration Debug for project test_MacOSX_GCC ****
make all 
make: Nothing to be done for `all'.
16:46:36 **** Incremental Build of configuration Debug for project CPPhowtoprogram8th_TheCppProgramming2ndedtion_HelloWCppP_MacOSX_GCC ****
make all 
Building file: ../src/GradeBook.cpp
Invoking: GCC C++ Compiler
g++ -O0 -g3 -Wall -c -fmessage-length=0 -MMD -MP -MF"src/GradeBook.d" -MT"src/GradeBook.o" -o "src/GradeBook.o" "../src/GradeBook.cpp"
In file included from ../src/GradeBook.cpp:8:
../src/GradeBook.h:13:2: error: C++ requires a type specifier for all declarations
        determineClassAverage();
        ^
../src/GradeBook.cpp:12:12: error: cannot define or redeclare 'GradeBook' here because namespace 'std' does not enclose namespace 'GradeBook'
GradeBook::GradeBook() {
~~~~~~~~~~~^
../src/GradeBook.cpp:17:12: error: cannot define or redeclare '~GradeBook' here because namespace 'std' does not enclose namespace 'GradeBook'
GradeBook::~GradeBook() {
~~~~~~~~~~~^
3 errors generated.
make: *** [src/GradeBook.o] Error 1
"make all" terminated with exit code 2. Build might be incomplete.
16:46:36 **** Incremental Build of configuration Debug for project hw_cpp_project_MacOSX_GCC ****
make all 
make: Nothing to be done for `all'.
16:46:36 **** Incremental Build of configuration Debug for project test_MacOSX_GCC ****
make all 
make: Nothing to be done for `all'.
16:49:37 **** Incremental Build of configuration Debug for project CPPhowtoprogram8th_TheCppProgramming2ndedtion_HelloWCppP_MacOSX_GCC ****
make all 
Building file: ../src/GradeBook.cpp
Invoking: GCC C++ Compiler
g++ -O0 -g3 -Wall -c -fmessage-length=0 -MMD -MP -MF"src/GradeBook.d" -MT"src/GradeBook.o" -o "src/GradeBook.o" "../src/GradeBook.cpp"
Finished building: ../src/GradeBook.cpp
 
Building target: CPPhowtoprogram8th_TheCppProgramming2ndedtion_HelloWCppP_MacOSX_GCC
Invoking: MacOS X C++ Linker
g++  -o "CPPhowtoprogram8th_TheCppProgramming2ndedtion_HelloWCppP_MacOSX_GCC"  ./src/CPPhowtoprogram8th_TheCppProgramming2ndedtion_HelloWCppP_MacOSX_GCC.o ./src/GradeBook.o   
Finished building target: CPPhowtoprogram8th_TheCppProgramming2ndedtion_HelloWCppP_MacOSX_GCC
 
16:49:39 **** Incremental Build of configuration Debug for project hw_cpp_project_MacOSX_GCC ****
make all 
make: Nothing to be done for `all'.
16:49:39 **** Incremental Build of configuration Debug for project test_MacOSX_GCC ****
make all 
make: Nothing to be done for `all'.
16:49:56 **** Incremental Build of configuration Debug for project CPPhowtoprogram8th_TheCppProgramming2ndedtion_HelloWCppP_MacOSX_GCC ****
make all 
make: Nothing to be done for `all'.
16:49:56 **** Incremental Build of configuration Debug for project hw_cpp_project_MacOSX_GCC ****
make all 
make: Nothing to be done for `all'.
16:49:56 **** Incremental Build of configuration Debug for project test_MacOSX_GCC ****
make all 
make: Nothing to be done for `all'.
16:52:46 **** Incremental Build of configuration Debug for project CPPhowtoprogram8th_TheCppProgramming2ndedtion_HelloWCppP_MacOSX_GCC ****
make all 
Building file: ../src/GradeBook.cpp
Invoking: GCC C++ Compiler
g++ -O0 -g3 -Wall -c -fmessage-length=0 -MMD -MP -MF"src/GradeBook.d" -MT"src/GradeBook.o" -o "src/GradeBook.o" "../src/GradeBook.cpp"
../src/GradeBook.cpp:10:3: error: use of undeclared identifier 'courseName'
                courseName=name;}
                ^
1 error generated.
make: *** [src/GradeBook.o] Error 1
"make all" terminated with exit code 2. Build might be incomplete.
16:52:48 **** Incremental Build of configuration Debug for project hw_cpp_project_MacOSX_GCC ****
make all 
make: Nothing to be done for `all'.
16:52:48 **** Incremental Build of configuration Debug for project test_MacOSX_GCC ****
make all 
make: Nothing to be done for `all'.
16:53:23 **** Incremental Build of configuration Debug for project CPPhowtoprogram8th_TheCppProgramming2ndedtion_HelloWCppP_MacOSX_GCC ****
make all 
Building file: ../src/GradeBook.cpp
Invoking: GCC C++ Compiler
g++ -O0 -g3 -Wall -c -fmessage-length=0 -MMD -MP -MF"src/GradeBook.d" -MT"src/GradeBook.o" -o "src/GradeBook.o" "../src/GradeBook.cpp"
Finished building: ../src/GradeBook.cpp
 
Building target: CPPhowtoprogram8th_TheCppProgramming2ndedtion_HelloWCppP_MacOSX_GCC
Invoking: MacOS X C++ Linker
g++  -o "CPPhowtoprogram8th_TheCppProgramming2ndedtion_HelloWCppP_MacOSX_GCC"  ./src/CPPhowtoprogram8th_TheCppProgramming2ndedtion_HelloWCppP_MacOSX_GCC.o ./src/GradeBook.o   
Finished building target: CPPhowtoprogram8th_TheCppProgramming2ndedtion_HelloWCppP_MacOSX_GCC
 
16:53:24 **** Incremental Build of configuration Debug for project hw_cpp_project_MacOSX_GCC ****
make all 
make: Nothing to be done for `all'.
16:53:25 **** Incremental Build of configuration Debug for project test_MacOSX_GCC ****
make all 
make: Nothing to be done for `all'.
17:04:21 **** Incremental Build of configuration Debug for project CPPhowtoprogram8th_TheCppProgramming2ndedtion_HelloWCppP_MacOSX_GCC ****
make all 
Building file: ../src/CPPhowtoprogram8th_TheCppProgramming2ndedtion_HelloWCppP_MacOSX_GCC.cpp
Invoking: GCC C++ Compiler
g++ -O0 -g3 -Wall -c -fmessage-length=0 -MMD -MP -MF"src/CPPhowtoprogram8th_TheCppProgramming2ndedtion_HelloWCppP_MacOSX_GCC.d" -MT"src/CPPhowtoprogram8th_TheCppProgramming2ndedtion_HelloWCppP_MacOSX_GCC.o" -o "src/CPPhowtoprogram8th_TheCppProgramming2ndedtion_HelloWCppP_MacOSX_GCC.o" "../src/CPPhowtoprogram8th_TheCppProgramming2ndedtion_HelloWCppP_MacOSX_GCC.cpp"
Finished building: ../src/CPPhowtoprogram8th_TheCppProgramming2ndedtion_HelloWCppP_MacOSX_GCC.cpp
 
Building file: ../src/GradeBook.cpp
Invoking: GCC C++ Compiler
g++ -O0 -g3 -Wall -c -fmessage-length=0 -MMD -MP -MF"src/GradeBook.d" -MT"src/GradeBook.o" -o "src/GradeBook.o" "../src/GradeBook.cpp"
Finished building: ../src/GradeBook.cpp
 
Building target: CPPhowtoprogram8th_TheCppProgramming2ndedtion_HelloWCppP_MacOSX_GCC
Invoking: MacOS X C++ Linker
g++  -o "CPPhowtoprogram8th_TheCppProgramming2ndedtion_HelloWCppP_MacOSX_GCC"  ./src/CPPhowtoprogram8th_TheCppProgramming2ndedtion_HelloWCppP_MacOSX_GCC.o ./src/GradeBook.o   
Finished building target: CPPhowtoprogram8th_TheCppProgramming2ndedtion_HelloWCppP_MacOSX_GCC
 
17:04:24 **** Incremental Build of configuration Debug for project hw_cpp_project_MacOSX_GCC ****
make all 
make: Nothing to be done for `all'.
17:04:24 **** Incremental Build of configuration Debug for project test_MacOSX_GCC ****
make all 
make: Nothing to be done for `all'.
17:04:28 **** Incremental Build of configuration Debug for project CPPhowtoprogram8th_TheCppProgramming2ndedtion_HelloWCppP_MacOSX_GCC ****
make all 
make: Nothing to be done for `all'.
20:11:26 **** Incremental Build of configuration Debug for project CPPhowtoprogram8th_TheCppProgramming2ndedtion_HelloWCppP_MacOSX_GCC ****
make all 
Building file: ../src/Leetcode_num79wordsearch.cpp
Invoking: GCC C++ Compiler
g++ -O0 -g3 -Wall -c -fmessage-length=0 -MMD -MP -MF"src/Leetcode_num79wordsearch.d" -MT"src/Leetcode_num79wordsearch.o" -o "src/Leetcode_num79wordsearch.o" "../src/Leetcode_num79wordsearch.cpp"
Finished building: ../src/Leetcode_num79wordsearch.cpp
 
Building target: CPPhowtoprogram8th_TheCppProgramming2ndedtion_HelloWCppP_MacOSX_GCC
Invoking: MacOS X C++ Linker
g++  -o "CPPhowtoprogram8th_TheCppProgramming2ndedtion_HelloWCppP_MacOSX_GCC"  ./src/CPPhowtoprogram8th_TheCppProgramming2ndedtion_HelloWCppP_MacOSX_GCC.o ./src/GradeBook.o ./src/Leetcode_num79wordsearch.o   
Finished building target: CPPhowtoprogram8th_TheCppProgramming2ndedtion_HelloWCppP_MacOSX_GCC
 
20:11:27 **** Incremental Build of configuration Debug for project hw_cpp_project_MacOSX_GCC ****
make all 
make: Nothing to be done for `all'.
20:11:27 **** Incremental Build of configuration Debug for project test_MacOSX_GCC ****
make all 
make: Nothing to be done for `all'.
20:16:18 **** Incremental Build of configuration Debug for project CPPhowtoprogram8th_TheCppProgramming2ndedtion_HelloWCppP_MacOSX_GCC ****
make all 
Building file: ../src/Leetcode_num79wordsearch.cpp
Invoking: GCC C++ Compiler
g++ -O0 -g3 -Wall -c -fmessage-length=0 -MMD -MP -MF"src/Leetcode_num79wordsearch.d" -MT"src/Leetcode_num79wordsearch.o" -o "src/Leetcode_num79wordsearch.o" "../src/Leetcode_num79wordsearch.cpp"
../src/Leetcode_num79wordsearch.cpp:13:31: error: a space is required between consecutive right angle brackets (use '> >')
   void dfs(vector<vector<char>>& board, string word, int i, int j, int index, bool &found) {
                              ^~
                              > >
../src/Leetcode_num79wordsearch.cpp:28:30: error: a space is required between consecutive right angle brackets (use '> >')
bool exist(vector<vector<char>>& board, string word) {
                             ^~
                             > >
2 errors generated.
make: *** [src/Leetcode_num79wordsearch.o] Error 1
"make all" terminated with exit code 2. Build might be incomplete.
20:16:20 **** Incremental Build of configuration Debug for project hw_cpp_project_MacOSX_GCC ****
make all 
make: Nothing to be done for `all'.
20:16:20 **** Incremental Build of configuration Debug for project test_MacOSX_GCC ****
make all 
make: Nothing to be done for `all'.
20:21:02 **** Incremental Build of configuration Debug for project CPPhowtoprogram8th_TheCppProgramming2ndedtion_HelloWCppP_MacOSX_GCC ****
make all 
Building file: ../src/Leetcode_num79wordsearch.cpp
Invoking: GCC C++ Compiler
g++ -O0 -g3 -Wall -c -fmessage-length=0 -MMD -MP -MF"src/Leetcode_num79wordsearch.d" -MT"src/Leetcode_num79wordsearch.o" -o "src/Leetcode_num79wordsearch.o" "../src/Leetcode_num79wordsearch.cpp"
Finished building: ../src/Leetcode_num79wordsearch.cpp
 
Building target: CPPhowtoprogram8th_TheCppProgramming2ndedtion_HelloWCppP_MacOSX_GCC
Invoking: MacOS X C++ Linker
g++  -o "CPPhowtoprogram8th_TheCppProgramming2ndedtion_HelloWCppP_MacOSX_GCC"  ./src/CPPhowtoprogram8th_TheCppProgramming2ndedtion_HelloWCppP_MacOSX_GCC.o ./src/GradeBook.o ./src/Leetcode_num79wordsearch.o   
Finished building target: CPPhowtoprogram8th_TheCppProgramming2ndedtion_HelloWCppP_MacOSX_GCC
 
20:21:05 **** Incremental Build of configuration Debug for project hw_cpp_project_MacOSX_GCC ****
make all 
make: Nothing to be done for `all'.
20:21:05 **** Incremental Build of configuration Debug for project test_MacOSX_GCC ****
make all 
make: Nothing to be done for `all'.
20:23:37 **** Incremental Build of configuration Debug for project CPPhowtoprogram8th_TheCppProgramming2ndedtion_HelloWCppP_MacOSX_GCC ****
make all 
make: Nothing to be done for `all'.
20:23:38 **** Incremental Build of configuration Debug for project hw_cpp_project_MacOSX_GCC ****
make all 
make: Nothing to be done for `all'.
20:23:38 **** Incremental Build of configuration Debug for project test_MacOSX_GCC ****
make all 
make: Nothing to be done for `all'.
20:24:20 **** Incremental Build of configuration Debug for project CPPhowtoprogram8th_TheCppProgramming2ndedtion_HelloWCppP_MacOSX_GCC ****
make all 
make: Nothing to be done for `all'.
20:24:20 **** Incremental Build of configuration Debug for project hw_cpp_project_MacOSX_GCC ****
make all 
make: Nothing to be done for `all'.
20:24:21 **** Incremental Build of configuration Debug for project test_MacOSX_GCC ****
make all 
make: Nothing to be done for `all'.
20:25:13 **** Incremental Build of configuration Debug for project CPPhowtoprogram8th_TheCppProgramming2ndedtion_HelloWCppP_MacOSX_GCC ****
make all 
Building file: ../src/Leetcode_num79wordsearch.cpp
Invoking: GCC C++ Compiler
g++ -O0 -g3 -Wall -c -fmessage-length=0 -MMD -MP -MF"src/Leetcode_num79wordsearch.d" -MT"src/Leetcode_num79wordsearch.o" -o "src/Leetcode_num79wordsearch.o" "../src/Leetcode_num79wordsearch.cpp"
Finished building: ../src/Leetcode_num79wordsearch.cpp
 
Building target: CPPhowtoprogram8th_TheCppProgramming2ndedtion_HelloWCppP_MacOSX_GCC
Invoking: MacOS X C++ Linker
g++  -o "CPPhowtoprogram8th_TheCppProgramming2ndedtion_HelloWCppP_MacOSX_GCC"  ./src/CPPhowtoprogram8th_TheCppProgramming2ndedtion_HelloWCppP_MacOSX_GCC.o ./src/GradeBook.o ./src/Leetcode_num79wordsearch.o   
Finished building target: CPPhowtoprogram8th_TheCppProgramming2ndedtion_HelloWCppP_MacOSX_GCC
 
20:25:14 **** Incremental Build of configuration Debug for project hw_cpp_project_MacOSX_GCC ****
make all 
make: Nothing to be done for `all'.
20:25:14 **** Incremental Build of configuration Debug for project test_MacOSX_GCC ****
make all 
make: Nothing to be done for `all'.
20:33:25 **** Incremental Build of configuration Debug for project CPPhowtoprogram8th_TheCppProgramming2ndedtion_HelloWCppP_MacOSX_GCC ****
make all 
Building file: ../src/Leetcode_num79wordsearch.cpp
Invoking: GCC C++ Compiler
g++ -O0 -g3 -Wall -c -fmessage-length=0 -MMD -MP -MF"src/Leetcode_num79wordsearch.d" -MT"src/Leetcode_num79wordsearch.o" -o "src/Leetcode_num79wordsearch.o" "../src/Leetcode_num79wordsearch.cpp"
../src/Leetcode_num79wordsearch.cpp:13:34: error: a space is required between consecutive right angle brackets (use '> >')
    bool exist(vector<vector<char>>& board, string word) {
                                 ^~
                                 > >
../src/Leetcode_num79wordsearch.cpp:21:67: error: a space is required between consecutive right angle brackets (use '> >')
    bool dfs(const char* str, int row, int col, vector<vector<char>>& board) {
                                                                  ^~
                                                                  > >
2 errors generated.
make: *** [src/Leetcode_num79wordsearch.o] Error 1
"make all" terminated with exit code 2. Build might be incomplete.
20:33:27 **** Incremental Build of configuration Debug for project hw_cpp_project_MacOSX_GCC ****
make all 
make: Nothing to be done for `all'.
20:33:27 **** Incremental Build of configuration Debug for project test_MacOSX_GCC ****
make all 
make: Nothing to be done for `all'.
20:33:43 **** Incremental Build of configuration Debug for project CPPhowtoprogram8th_TheCppProgramming2ndedtion_HelloWCppP_MacOSX_GCC ****
make all 
Building file: ../src/Leetcode_num79wordsearch.cpp
Invoking: GCC C++ Compiler
g++ -O0 -g3 -Wall -c -fmessage-length=0 -MMD -MP -MF"src/Leetcode_num79wordsearch.d" -MT"src/Leetcode_num79wordsearch.o" -o "src/Leetcode_num79wordsearch.o" "../src/Leetcode_num79wordsearch.cpp"
Finished building: ../src/Leetcode_num79wordsearch.cpp
 
Building target: CPPhowtoprogram8th_TheCppProgramming2ndedtion_HelloWCppP_MacOSX_GCC
Invoking: MacOS X C++ Linker
g++  -o "CPPhowtoprogram8th_TheCppProgramming2ndedtion_HelloWCppP_MacOSX_GCC"  ./src/CPPhowtoprogram8th_TheCppProgramming2ndedtion_HelloWCppP_MacOSX_GCC.o ./src/GradeBook.o ./src/Leetcode_num79wordsearch.o   
Finished building target: CPPhowtoprogram8th_TheCppProgramming2ndedtion_HelloWCppP_MacOSX_GCC
 
20:33:45 **** Incremental Build of configuration Debug for project hw_cpp_project_MacOSX_GCC ****
make all 
make: Nothing to be done for `all'.
20:33:45 **** Incremental Build of configuration Debug for project test_MacOSX_GCC ****
make all 
make: Nothing to be done for `all'.
20:47:42 **** Incremental Build of configuration Debug for project CPPhowtoprogram8th_TheCppProgramming2ndedtion_HelloWCppP_MacOSX_GCC ****
make all 
Building file: ../src/Leetcode_num79wordsearch.cpp
Invoking: GCC C++ Compiler
g++ -O0 -g3 -Wall -c -fmessage-length=0 -MMD -MP -MF"src/Leetcode_num79wordsearch.d" -MT"src/Leetcode_num79wordsearch.o" -o "src/Leetcode_num79wordsearch.o" "../src/Leetcode_num79wordsearch.cpp"
../src/Leetcode_num79wordsearch.cpp:13:23: error: a space is required between consecutive right angle brackets (use '> >')
            vector<vector<int>> direction = {{0,1},{0,-1},{1,0},{-1,0}};
                             ^~
                             > >
../src/Leetcode_num79wordsearch.cpp:13:36: warning: in-class initialization of non-static data member is a C++11 extension [-Wc++11-extensions]
            vector<vector<int>> direction = {{0,1},{0,-1},{1,0},{-1,0}};
                                          ^
../src/Leetcode_num79wordsearch.cpp:14:35: error: a space is required between consecutive right angle brackets (use '> >')
            bool exist(vector<vector<char>> &board, string word) {
                                         ^~
                                         > >
../src/Leetcode_num79wordsearch.cpp:31:37: error: a space is required between consecutive right angle brackets (use '> >')
            bool ifExist(vector<vector<char>> &board, string word, int wordIndex, int i, int j){
                                           ^~
                                           > >
../src/Leetcode_num79wordsearch.cpp:13:38: error: non-aggregate type 'vector<vector<int> >' cannot be initialized with an initializer list
            vector<vector<int>> direction = {{0,1},{0,-1},{1,0},{-1,0}};
                                            ^~~~~~~~~~~~~~~~~~~~~~~~~~~
../src/Leetcode_num79wordsearch.cpp:33:14: warning: 'auto' type specifier is a C++11 extension [-Wc++11-extensions]
                for(auto dir: direction){
                    ^
../src/Leetcode_num79wordsearch.cpp:33:22: warning: range-based for loop is a C++11 extension [-Wc++11-extensions]
                for(auto dir: direction){
                            ^
3 warnings and 4 errors generated.
make: *** [src/Leetcode_num79wordsearch.o] Error 1
"make all" terminated with exit code 2. Build might be incomplete.
20:47:44 **** Incremental Build of configuration Debug for project hw_cpp_project_MacOSX_GCC ****
make all 
make: Nothing to be done for `all'.
20:47:44 **** Incremental Build of configuration Debug for project test_MacOSX_GCC ****
make all 
make: Nothing to be done for `all'.
21:10:07 **** Incremental Build of configuration Debug for project CPPhowtoprogram8th_TheCppProgramming2ndedtion_HelloWCppP_MacOSX_GCC ****
make all 
Building file: ../src/Leetcode_num79wordsearch.cpp
Invoking: GCC C++ Compiler
g++ -O0 -g3 -Wall -c -fmessage-length=0 -MMD -MP -MF"src/Leetcode_num79wordsearch.d" -MT"src/Leetcode_num79wordsearch.o" -o "src/Leetcode_num79wordsearch.o" "../src/Leetcode_num79wordsearch.cpp"
../src/Leetcode_num79wordsearch.cpp:14:22: error: a space is required between consecutive right angle brackets (use '> >')
           vector<vector<int>> subsets(vector<int>& nums) {
                            ^~
                            > >
../src/Leetcode_num79wordsearch.cpp:21:57: error: a space is required between consecutive right angle brackets (use '> >')
        void subsetshelper(vector<int>& nums, vector<vector<int>>& powerset,
                                                               ^~
                                                               > >
../src/Leetcode_num79wordsearch.cpp:15:24: error: a space is required between consecutive right angle brackets (use '> >')
             vector<vector<int>> powerset;
                              ^~
                              > >
3 errors generated.
make: *** [src/Leetcode_num79wordsearch.o] Error 1
"make all" terminated with exit code 2. Build might be incomplete.
21:10:09 **** Incremental Build of configuration Debug for project hw_cpp_project_MacOSX_GCC ****
make all 
make: Nothing to be done for `all'.
21:10:09 **** Incremental Build of configuration Debug for project test_MacOSX_GCC ****
make all 
make: Nothing to be done for `all'.
21:10:38 **** Incremental Build of configuration Debug for project CPPhowtoprogram8th_TheCppProgramming2ndedtion_HelloWCppP_MacOSX_GCC ****
make all 
Building file: ../src/Leetcode_num79wordsearch.cpp
Invoking: GCC C++ Compiler
g++ -O0 -g3 -Wall -c -fmessage-length=0 -MMD -MP -MF"src/Leetcode_num79wordsearch.d" -MT"src/Leetcode_num79wordsearch.o" -o "src/Leetcode_num79wordsearch.o" "../src/Leetcode_num79wordsearch.cpp"
Finished building: ../src/Leetcode_num79wordsearch.cpp
 
Building target: CPPhowtoprogram8th_TheCppProgramming2ndedtion_HelloWCppP_MacOSX_GCC
Invoking: MacOS X C++ Linker
g++  -o "CPPhowtoprogram8th_TheCppProgramming2ndedtion_HelloWCppP_MacOSX_GCC"  ./src/CPPhowtoprogram8th_TheCppProgramming2ndedtion_HelloWCppP_MacOSX_GCC.o ./src/GradeBook.o ./src/Leetcode_num79wordsearch.o   
Finished building target: CPPhowtoprogram8th_TheCppProgramming2ndedtion_HelloWCppP_MacOSX_GCC
 
21:10:40 **** Incremental Build of configuration Debug for project hw_cpp_project_MacOSX_GCC ****
make all 
make: Nothing to be done for `all'.
21:10:40 **** Incremental Build of configuration Debug for project test_MacOSX_GCC ****
make all 
make: Nothing to be done for `all'.
21:56:53 **** Incremental Build of configuration Debug for project CPPhowtoprogram8th_TheCppProgramming2ndedtion_HelloWCppP_MacOSX_GCC ****
make all 
Building file: ../src/CPPhowtoprogram8th_TheCppProgramming2ndedtion_HelloWCppP_MacOSX_GCC.cpp
Invoking: GCC C++ Compiler
g++ -O0 -g3 -Wall -c -fmessage-length=0 -MMD -MP -MF"src/CPPhowtoprogram8th_TheCppProgramming2ndedtion_HelloWCppP_MacOSX_GCC.d" -MT"src/CPPhowtoprogram8th_TheCppProgramming2ndedtion_HelloWCppP_MacOSX_GCC.o" -o "src/CPPhowtoprogram8th_TheCppProgramming2ndedtion_HelloWCppP_MacOSX_GCC.o" "../src/CPPhowtoprogram8th_TheCppProgramming2ndedtion_HelloWCppP_MacOSX_GCC.cpp"
In file included from ../src/CPPhowtoprogram8th_TheCppProgramming2ndedtion_HelloWCppP_MacOSX_GCC.cpp:3:
../src/Leetcode_num78.cpp:19:15: warning: 'auto' type specifier is a C++11 extension [-Wc++11-extensions]
                for (auto it = nums.begin(); it != nums.end(); ++it) {
                     ^
1 warning generated.
Finished building: ../src/CPPhowtoprogram8th_TheCppProgramming2ndedtion_HelloWCppP_MacOSX_GCC.cpp
 
Building file: ../src/Leetcode_num78.cpp
Invoking: GCC C++ Compiler
g++ -O0 -g3 -Wall -c -fmessage-length=0 -MMD -MP -MF"src/Leetcode_num78.d" -MT"src/Leetcode_num78.o" -o "src/Leetcode_num78.o" "../src/Leetcode_num78.cpp"
../src/Leetcode_num78.cpp:19:15: warning: 'auto' type specifier is a C++11 extension [-Wc++11-extensions]
                for (auto it = nums.begin(); it != nums.end(); ++it) {
                     ^
1 warning generated.
Finished building: ../src/Leetcode_num78.cpp
 
Building target: CPPhowtoprogram8th_TheCppProgramming2ndedtion_HelloWCppP_MacOSX_GCC
Invoking: MacOS X C++ Linker
g++  -o "CPPhowtoprogram8th_TheCppProgramming2ndedtion_HelloWCppP_MacOSX_GCC"  ./src/CPPhowtoprogram8th_TheCppProgramming2ndedtion_HelloWCppP_MacOSX_GCC.o ./src/GradeBook.o ./src/Leetcode_num78.o   
Finished building target: CPPhowtoprogram8th_TheCppProgramming2ndedtion_HelloWCppP_MacOSX_GCC
 
21:56:59 **** Incremental Build of configuration Debug for project hw_cpp_project_MacOSX_GCC ****
make all 
make: Nothing to be done for `all'.
21:56:59 **** Incremental Build of configuration Debug for project test_MacOSX_GCC ****
make all 
make: Nothing to be done for `all'.
21:57:06 **** Incremental Build of configuration Debug for project CPPhowtoprogram8th_TheCppProgramming2ndedtion_HelloWCppP_MacOSX_GCC ****
make all 
make: Nothing to be done for `all'.
21:57:50 **** Incremental Build of configuration Debug for project CPPhowtoprogram8th_TheCppProgramming2ndedtion_HelloWCppP_MacOSX_GCC ****
make all 
Building file: ../src/CPPhowtoprogram8th_TheCppProgramming2ndedtion_HelloWCppP_MacOSX_GCC.cpp
Invoking: GCC C++ Compiler
g++ -O0 -g3 -Wall -c -fmessage-length=0 -MMD -MP -MF"src/CPPhowtoprogram8th_TheCppProgramming2ndedtion_HelloWCppP_MacOSX_GCC.d" -MT"src/CPPhowtoprogram8th_TheCppProgramming2ndedtion_HelloWCppP_MacOSX_GCC.o" -o "src/CPPhowtoprogram8th_TheCppProgramming2ndedtion_HelloWCppP_MacOSX_GCC.o" "../src/CPPhowtoprogram8th_TheCppProgramming2ndedtion_HelloWCppP_MacOSX_GCC.cpp"
In file included from ../src/CPPhowtoprogram8th_TheCppProgramming2ndedtion_HelloWCppP_MacOSX_GCC.cpp:3:
../src/Leetcode_num78.cpp:19:15: warning: 'auto' type specifier is a C++11 extension [-Wc++11-extensions]
                for (auto it = nums.begin(); it != nums.end(); ++it) {
                     ^
1 warning generated.
Finished building: ../src/CPPhowtoprogram8th_TheCppProgramming2ndedtion_HelloWCppP_MacOSX_GCC.cpp
 
Building target: CPPhowtoprogram8th_TheCppProgramming2ndedtion_HelloWCppP_MacOSX_GCC
Invoking: MacOS X C++ Linker
g++  -o "CPPhowtoprogram8th_TheCppProgramming2ndedtion_HelloWCppP_MacOSX_GCC"  ./src/CPPhowtoprogram8th_TheCppProgramming2ndedtion_HelloWCppP_MacOSX_GCC.o ./src/GradeBook.o ./src/Leetcode_num78.o   
Finished building target: CPPhowtoprogram8th_TheCppProgramming2ndedtion_HelloWCppP_MacOSX_GCC
 
21:57:52 **** Incremental Build of configuration Debug for project hw_cpp_project_MacOSX_GCC ****
make all 
make: Nothing to be done for `all'.
21:57:52 **** Incremental Build of configuration Debug for project test_MacOSX_GCC ****
make all 
make: Nothing to be done for `all'.
21:58:33 **** Incremental Build of configuration Debug for project CPPhowtoprogram8th_TheCppProgramming2ndedtion_HelloWCppP_MacOSX_GCC ****
make all 
make: Nothing to be done for `all'.
21:58:33 **** Incremental Build of configuration Debug for project hw_cpp_project_MacOSX_GCC ****
make all 
make: Nothing to be done for `all'.
21:58:33 **** Incremental Build of configuration Debug for project test_MacOSX_GCC ****
make all 
make: Nothing to be done for `all'.
22:01:17 **** Incremental Build of configuration Debug for project CPPhowtoprogram8th_TheCppProgramming2ndedtion_HelloWCppP_MacOSX_GCC ****
make all 
make: Nothing to be done for `all'.
22:01:17 **** Incremental Build of configuration Debug for project hw_cpp_project_MacOSX_GCC ****
make all 
make: Nothing to be done for `all'.
22:01:17 **** Incremental Build of configuration Debug for project test_MacOSX_GCC ****
make all 
make: Nothing to be done for `all'.
22:01:27 **** Incremental Build of configuration Debug for project CPPhowtoprogram8th_TheCppProgramming2ndedtion_HelloWCppP_MacOSX_GCC ****
make all 
make: Nothing to be done for `all'.
14:34:12 **** Build of configuration Debug for project test_MacOSX_GCC ****
make all 
make: Nothing to be done for `all'.
14:34:33 **** Build of configuration Debug for project hw_cpp_project_MacOSX_GCC ****
make all 
make: Nothing to be done for `all'.
14:34:52 **** Build of configuration Debug for project CPPhowtoprogram8th_TheCppProgramming2ndedtion_HelloWCppP_MacOSX_GCC ****
make all 
Building file: ../src/CPPhowtoprogram8th_TheCppProgramming2ndedtion_HelloWCppP_MacOSX_GCC.cpp
Invoking: GCC C++ Compiler
g++ -O0 -g3 -Wall -c -fmessage-length=0 -MMD -MP -MF"src/CPPhowtoprogram8th_TheCppProgramming2ndedtion_HelloWCppP_MacOSX_GCC.d" -MT"src/CPPhowtoprogram8th_TheCppProgramming2ndedtion_HelloWCppP_MacOSX_GCC.o" -o "src/CPPhowtoprogram8th_TheCppProgramming2ndedtion_HelloWCppP_MacOSX_GCC.o" "../src/CPPhowtoprogram8th_TheCppProgramming2ndedtion_HelloWCppP_MacOSX_GCC.cpp"
In file included from ../src/CPPhowtoprogram8th_TheCppProgramming2ndedtion_HelloWCppP_MacOSX_GCC.cpp:3:
../src/Leetcode_num78.cpp:19:15: warning: 'auto' type specifier is a C++11 extension [-Wc++11-extensions]
                for (auto it = nums.begin(); it != nums.end(); ++it) {
                     ^
1 warning generated.
Finished building: ../src/CPPhowtoprogram8th_TheCppProgramming2ndedtion_HelloWCppP_MacOSX_GCC.cpp
 
Building target: CPPhowtoprogram8th_TheCppProgramming2ndedtion_HelloWCppP_MacOSX_GCC
Invoking: MacOS X C++ Linker
g++  -o "CPPhowtoprogram8th_TheCppProgramming2ndedtion_HelloWCppP_MacOSX_GCC"  ./src/CPPhowtoprogram8th_TheCppProgramming2ndedtion_HelloWCppP_MacOSX_GCC.o ./src/GradeBook.o ./src/Leetcode_num78.o   
Finished building target: CPPhowtoprogram8th_TheCppProgramming2ndedtion_HelloWCppP_MacOSX_GCC
 
15:17:33 **** Build of configuration Debug for project CPPhowtoprogram8th_TheCppProgramming2ndedtion_HelloWCppP_MacOSX_GCC ****
make all 
make: Nothing to be done for `all'.
15:17:34 **** Build of configuration Debug for project HelloWorldTest_DK_Beaglebone ****
make all 
Building file: ../src/HelloWorldTest_DK_Beaglebone.cpp
Invoking: Cross G++ Compiler
arm-linux-gnueabi-g++ -O0 -g3 -Wall -c -fmessage-length=0 -MMD -MP -MF"src/HelloWorldTest_DK_Beaglebone.d" -MT"src/HelloWorldTest_DK_Beaglebone.o" -o "src/HelloWorldTest_DK_Beaglebone.o" "../src/HelloWorldTest_DK_Beaglebone.cpp"
/bin/sh: arm-linux-gnueabi-g++: command not found
make: *** [src/HelloWorldTest_DK_Beaglebone.o] Error 127
"make all" terminated with exit code 2. Build might be incomplete.
15:17:35 **** Build of configuration Debug for project hw_cpp_project_MacOSX_GCC ****
make all 
make: Nothing to be done for `all'.
15:17:35 **** Build of configuration Debug for project test_MacOSX_GCC ****
make all 
make: Nothing to be done for `all'.
15:18:21 **** Clean-only build of configuration Debug for project CPPhowtoprogram8th_TheCppProgramming2ndedtion_HelloWCppP_MacOSX_GCC ****
make clean 
rm -rf  ./src/CPPhowtoprogram8th_TheCppProgramming2ndedtion_HelloWCppP_MacOSX_GCC.o ./src/GradeBook.o ./src/Leetcode_num78.o  ./src/CPPhowtoprogram8th_TheCppProgramming2ndedtion_HelloWCppP_MacOSX_GCC.d ./src/GradeBook.d ./src/Leetcode_num78.d  CPPhowtoprogram8th_TheCppProgramming2ndedtion_HelloWCppP_MacOSX_GCC
 
15:18:21 **** Clean-only build of configuration Debug for project HelloWorldTest_DK_Beaglebone ****
make clean 
rm -rf  ./src/HelloWorldTest_DK_Beaglebone.o  ./src/HelloWorldTest_DK_Beaglebone.d  HelloWorldTest_DK_Beaglebone
 
15:18:21 **** Clean-only build of configuration Debug for project hw_cpp_project_MacOSX_GCC ****
make clean 
rm -rf  ./src/Class7cpp.o ./src/Solution_cppSourcefile.o ./src/hw_cpp_project_MacOSX_GCC.o  ./src/Class7cpp.d ./src/Solution_cppSourcefile.d ./src/hw_cpp_project_MacOSX_GCC.d  hw_cpp_project_MacOSX_GCC
 
15:18:21 **** Clean-only build of configuration Debug for project test_MacOSX_GCC ****
make clean 
rm -rf  ./src/test_MacOSX_GCC.o  ./src/test_MacOSX_GCC.d  test_MacOSX_GCC
 
15:18:28 **** Build of configuration Debug for project CPPhowtoprogram8th_TheCppProgramming2ndedtion_HelloWCppP_MacOSX_GCC ****
make all 
Building file: ../src/CPPhowtoprogram8th_TheCppProgramming2ndedtion_HelloWCppP_MacOSX_GCC.cpp
Invoking: GCC C++ Compiler
g++ -O0 -g3 -Wall -c -fmessage-length=0 -MMD -MP -MF"src/CPPhowtoprogram8th_TheCppProgramming2ndedtion_HelloWCppP_MacOSX_GCC.d" -MT"src/CPPhowtoprogram8th_TheCppProgramming2ndedtion_HelloWCppP_MacOSX_GCC.o" -o "src/CPPhowtoprogram8th_TheCppProgramming2ndedtion_HelloWCppP_MacOSX_GCC.o" "../src/CPPhowtoprogram8th_TheCppProgramming2ndedtion_HelloWCppP_MacOSX_GCC.cpp"
In file included from ../src/CPPhowtoprogram8th_TheCppProgramming2ndedtion_HelloWCppP_MacOSX_GCC.cpp:3:
../src/Leetcode_num78.cpp:19:15: warning: 'auto' type specifier is a C++11 extension [-Wc++11-extensions]
                for (auto it = nums.begin(); it != nums.end(); ++it) {
                     ^
1 warning generated.
Finished building: ../src/CPPhowtoprogram8th_TheCppProgramming2ndedtion_HelloWCppP_MacOSX_GCC.cpp
 
Building file: ../src/GradeBook.cpp
Invoking: GCC C++ Compiler
g++ -O0 -g3 -Wall -c -fmessage-length=0 -MMD -MP -MF"src/GradeBook.d" -MT"src/GradeBook.o" -o "src/GradeBook.o" "../src/GradeBook.cpp"
Finished building: ../src/GradeBook.cpp
 
Building file: ../src/Leetcode_num78.cpp
Invoking: GCC C++ Compiler
g++ -O0 -g3 -Wall -c -fmessage-length=0 -MMD -MP -MF"src/Leetcode_num78.d" -MT"src/Leetcode_num78.o" -o "src/Leetcode_num78.o" "../src/Leetcode_num78.cpp"
../src/Leetcode_num78.cpp:19:15: warning: 'auto' type specifier is a C++11 extension [-Wc++11-extensions]
                for (auto it = nums.begin(); it != nums.end(); ++it) {
                     ^
1 warning generated.
Finished building: ../src/Leetcode_num78.cpp
 
Building target: CPPhowtoprogram8th_TheCppProgramming2ndedtion_HelloWCppP_MacOSX_GCC
Invoking: MacOS X C++ Linker
g++  -o "CPPhowtoprogram8th_TheCppProgramming2ndedtion_HelloWCppP_MacOSX_GCC"  ./src/CPPhowtoprogram8th_TheCppProgramming2ndedtion_HelloWCppP_MacOSX_GCC.o ./src/GradeBook.o ./src/Leetcode_num78.o   
Finished building target: CPPhowtoprogram8th_TheCppProgramming2ndedtion_HelloWCppP_MacOSX_GCC
 
15:18:32 **** Build of configuration Debug for project HelloWorldTest_DK_Beaglebone ****
make all 
Building file: ../src/HelloWorldTest_DK_Beaglebone.cpp
/bin/sh: arm-linux-gnueabi-g++: command not found
make: *** [src/HelloWorldTest_DK_Beaglebone.o] Error 127
Invoking: Cross G++ Compiler
arm-linux-gnueabi-g++ -O0 -g3 -Wall -c -fmessage-length=0 -MMD -MP -MF"src/HelloWorldTest_DK_Beaglebone.d" -MT"src/HelloWorldTest_DK_Beaglebone.o" -o "src/HelloWorldTest_DK_Beaglebone.o" "../src/HelloWorldTest_DK_Beaglebone.cpp"
"make all" terminated with exit code 2. Build might be incomplete.
15:18:32 **** Build of configuration Debug for project hw_cpp_project_MacOSX_GCC ****
make all 
Building file: ../src/Class7cpp.cpp
Invoking: GCC C++ Compiler
g++ -O0 -g3 -Wall -c -fmessage-length=0 -MMD -MP -MF"src/Class7cpp.d" -MT"src/Class7cpp.o" -o "src/Class7cpp.o" "../src/Class7cpp.cpp"
Finished building: ../src/Class7cpp.cpp
 
Building file: ../src/Solution_cppSourcefile.cpp
Invoking: GCC C++ Compiler
g++ -O0 -g3 -Wall -c -fmessage-length=0 -MMD -MP -MF"src/Solution_cppSourcefile.d" -MT"src/Solution_cppSourcefile.o" -o "src/Solution_cppSourcefile.o" "../src/Solution_cppSourcefile.cpp"
../src/Solution_cppSourcefile.cpp:19:2: warning: control may reach end of non-void function [-Wreturn-type]
        }
        ^
1 warning generated.
Finished building: ../src/Solution_cppSourcefile.cpp
 
Building file: ../src/hw_cpp_project_MacOSX_GCC.cpp
Invoking: GCC C++ Compiler
g++ -O0 -g3 -Wall -c -fmessage-length=0 -MMD -MP -MF"src/hw_cpp_project_MacOSX_GCC.d" -MT"src/hw_cpp_project_MacOSX_GCC.o" -o "src/hw_cpp_project_MacOSX_GCC.o" "../src/hw_cpp_project_MacOSX_GCC.cpp"
In file included from ../src/hw_cpp_project_MacOSX_GCC.cpp:10:
../src/Solution_cppSourcefile.cpp:19:2: warning: control may reach end of non-void function [-Wreturn-type]
        }
        ^
1 warning generated.
Finished building: ../src/hw_cpp_project_MacOSX_GCC.cpp
 
Building target: hw_cpp_project_MacOSX_GCC
Invoking: MacOS X C++ Linker
g++  -o "hw_cpp_project_MacOSX_GCC"  ./src/Class7cpp.o ./src/Solution_cppSourcefile.o ./src/hw_cpp_project_MacOSX_GCC.o   
Finished building target: hw_cpp_project_MacOSX_GCC
 
15:18:34 **** Build of configuration Debug for project test_MacOSX_GCC ****
make all 
Building file: ../src/test_MacOSX_GCC.cpp
Invoking: GCC C++ Compiler
g++ -O0 -g3 -Wall -c -fmessage-length=0 -MMD -MP -MF"src/test_MacOSX_GCC.d" -MT"src/test_MacOSX_GCC.o" -o "src/test_MacOSX_GCC.o" "../src/test_MacOSX_GCC.cpp"
Finished building: ../src/test_MacOSX_GCC.cpp
 
Building target: test_MacOSX_GCC
Invoking: MacOS X C++ Linker
g++  -o "test_MacOSX_GCC"  ./src/test_MacOSX_GCC.o   
Finished building target: test_MacOSX_GCC
 
15:22:25 **** Incremental Build of configuration Debug for project CPPhowtoprogram8th_TheCppProgramming2ndedtion_HelloWCppP_MacOSX_GCC ****
make all 
make: Nothing to be done for `all'.
15:22:25 **** Build of configuration Debug for project HelloWorldTest2_DK_Beaglebone ****
make all 
Building file: ../src/HelloWorldTest2_DK_Beaglebone.cpp
Invoking: GCC C++ Compiler
g++ -O0 -g3 -Wall -c -fmessage-length=0 -MMD -MP -MF"src/HelloWorldTest2_DK_Beaglebone.d" -MT"src/HelloWorldTest2_DK_Beaglebone.o" -o "src/HelloWorldTest2_DK_Beaglebone.o" "../src/HelloWorldTest2_DK_Beaglebone.cpp"
Finished building: ../src/HelloWorldTest2_DK_Beaglebone.cpp
 
Building target: HelloWorldTest2_DK_Beaglebone
Invoking: MacOS X C++ Linker
g++  -o "HelloWorldTest2_DK_Beaglebone"  ./src/HelloWorldTest2_DK_Beaglebone.o   
Finished building target: HelloWorldTest2_DK_Beaglebone
 
15:22:26 **** Incremental Build of configuration Debug for project hw_cpp_project_MacOSX_GCC ****
make all 
make: Nothing to be done for `all'.
15:22:26 **** Incremental Build of configuration Debug for project test_MacOSX_GCC ****
make all 
make: Nothing to be done for `all'.
15:22:35 **** Clean-only build of configuration Debug for project CPPhowtoprogram8th_TheCppProgramming2ndedtion_HelloWCppP_MacOSX_GCC ****
make clean 
rm -rf  ./src/CPPhowtoprogram8th_TheCppProgramming2ndedtion_HelloWCppP_MacOSX_GCC.o ./src/GradeBook.o ./src/Leetcode_num78.o  ./src/CPPhowtoprogram8th_TheCppProgramming2ndedtion_HelloWCppP_MacOSX_GCC.d ./src/GradeBook.d ./src/Leetcode_num78.d  CPPhowtoprogram8th_TheCppProgramming2ndedtion_HelloWCppP_MacOSX_GCC
 
15:22:35 **** Clean-only build of configuration Debug for project HelloWorldTest2_DK_Beaglebone ****
make clean 
rm -rf  ./src/HelloWorldTest2_DK_Beaglebone.o  ./src/HelloWorldTest2_DK_Beaglebone.d  HelloWorldTest2_DK_Beaglebone
 
15:22:35 **** Clean-only build of configuration Debug for project hw_cpp_project_MacOSX_GCC ****
make clean 
rm -rf  ./src/Class7cpp.o ./src/Solution_cppSourcefile.o ./src/hw_cpp_project_MacOSX_GCC.o  ./src/Class7cpp.d ./src/Solution_cppSourcefile.d ./src/hw_cpp_project_MacOSX_GCC.d  hw_cpp_project_MacOSX_GCC
 
15:22:35 **** Clean-only build of configuration Debug for project test_MacOSX_GCC ****
make clean 
rm -rf  ./src/test_MacOSX_GCC.o  ./src/test_MacOSX_GCC.d  test_MacOSX_GCC
 
15:22:45 **** Build of configuration Debug for project CPPhowtoprogram8th_TheCppProgramming2ndedtion_HelloWCppP_MacOSX_GCC ****
make all 
Building file: ../src/CPPhowtoprogram8th_TheCppProgramming2ndedtion_HelloWCppP_MacOSX_GCC.cpp
Invoking: GCC C++ Compiler
g++ -O0 -g3 -Wall -c -fmessage-length=0 -MMD -MP -MF"src/CPPhowtoprogram8th_TheCppProgramming2ndedtion_HelloWCppP_MacOSX_GCC.d" -MT"src/CPPhowtoprogram8th_TheCppProgramming2ndedtion_HelloWCppP_MacOSX_GCC.o" -o "src/CPPhowtoprogram8th_TheCppProgramming2ndedtion_HelloWCppP_MacOSX_GCC.o" "../src/CPPhowtoprogram8th_TheCppProgramming2ndedtion_HelloWCppP_MacOSX_GCC.cpp"
In file included from ../src/CPPhowtoprogram8th_TheCppProgramming2ndedtion_HelloWCppP_MacOSX_GCC.cpp:3:
../src/Leetcode_num78.cpp:19:15: warning: 'auto' type specifier is a C++11 extension [-Wc++11-extensions]
                for (auto it = nums.begin(); it != nums.end(); ++it) {
                     ^
1 warning generated.
Finished building: ../src/CPPhowtoprogram8th_TheCppProgramming2ndedtion_HelloWCppP_MacOSX_GCC.cpp
 
Building file: ../src/GradeBook.cpp
Invoking: GCC C++ Compiler
g++ -O0 -g3 -Wall -c -fmessage-length=0 -MMD -MP -MF"src/GradeBook.d" -MT"src/GradeBook.o" -o "src/GradeBook.o" "../src/GradeBook.cpp"
Finished building: ../src/GradeBook.cpp
 
Building file: ../src/Leetcode_num78.cpp
Invoking: GCC C++ Compiler
g++ -O0 -g3 -Wall -c -fmessage-length=0 -MMD -MP -MF"src/Leetcode_num78.d" -MT"src/Leetcode_num78.o" -o "src/Leetcode_num78.o" "../src/Leetcode_num78.cpp"
../src/Leetcode_num78.cpp:19:15: warning: 'auto' type specifier is a C++11 extension [-Wc++11-extensions]
                for (auto it = nums.begin(); it != nums.end(); ++it) {
                     ^
1 warning generated.
Finished building: ../src/Leetcode_num78.cpp
 
Building target: CPPhowtoprogram8th_TheCppProgramming2ndedtion_HelloWCppP_MacOSX_GCC
Invoking: MacOS X C++ Linker
g++  -o "CPPhowtoprogram8th_TheCppProgramming2ndedtion_HelloWCppP_MacOSX_GCC"  ./src/CPPhowtoprogram8th_TheCppProgramming2ndedtion_HelloWCppP_MacOSX_GCC.o ./src/GradeBook.o ./src/Leetcode_num78.o   
Finished building target: CPPhowtoprogram8th_TheCppProgramming2ndedtion_HelloWCppP_MacOSX_GCC
 
15:22:46 **** Build of configuration Debug for project HelloWorldTest2_DK_Beaglebone ****
make all 
Building file: ../src/HelloWorldTest2_DK_Beaglebone.cpp
Invoking: GCC C++ Compiler
g++ -O0 -g3 -Wall -c -fmessage-length=0 -MMD -MP -MF"src/HelloWorldTest2_DK_Beaglebone.d" -MT"src/HelloWorldTest2_DK_Beaglebone.o" -o "src/HelloWorldTest2_DK_Beaglebone.o" "../src/HelloWorldTest2_DK_Beaglebone.cpp"
Finished building: ../src/HelloWorldTest2_DK_Beaglebone.cpp
 
Building target: HelloWorldTest2_DK_Beaglebone
Invoking: MacOS X C++ Linker
g++  -o "HelloWorldTest2_DK_Beaglebone"  ./src/HelloWorldTest2_DK_Beaglebone.o   
Finished building target: HelloWorldTest2_DK_Beaglebone
 
15:22:47 **** Build of configuration Debug for project hw_cpp_project_MacOSX_GCC ****
make all 
Building file: ../src/Class7cpp.cpp
Invoking: GCC C++ Compiler
g++ -O0 -g3 -Wall -c -fmessage-length=0 -MMD -MP -MF"src/Class7cpp.d" -MT"src/Class7cpp.o" -o "src/Class7cpp.o" "../src/Class7cpp.cpp"
Finished building: ../src/Class7cpp.cpp
 
Building file: ../src/Solution_cppSourcefile.cpp
Invoking: GCC C++ Compiler
g++ -O0 -g3 -Wall -c -fmessage-length=0 -MMD -MP -MF"src/Solution_cppSourcefile.d" -MT"src/Solution_cppSourcefile.o" -o "src/Solution_cppSourcefile.o" "../src/Solution_cppSourcefile.cpp"
../src/Solution_cppSourcefile.cpp:19:2: warning: control may reach end of non-void function [-Wreturn-type]
        }
        ^
1 warning generated.
Finished building: ../src/Solution_cppSourcefile.cpp
 
Building file: ../src/hw_cpp_project_MacOSX_GCC.cpp
Invoking: GCC C++ Compiler
g++ -O0 -g3 -Wall -c -fmessage-length=0 -MMD -MP -MF"src/hw_cpp_project_MacOSX_GCC.d" -MT"src/hw_cpp_project_MacOSX_GCC.o" -o "src/hw_cpp_project_MacOSX_GCC.o" "../src/hw_cpp_project_MacOSX_GCC.cpp"
In file included from ../src/hw_cpp_project_MacOSX_GCC.cpp:10:
../src/Solution_cppSourcefile.cpp:19:2: warning: control may reach end of non-void function [-Wreturn-type]
        }
        ^
1 warning generated.
Finished building: ../src/hw_cpp_project_MacOSX_GCC.cpp
 
Building target: hw_cpp_project_MacOSX_GCC
Invoking: MacOS X C++ Linker
g++  -o "hw_cpp_project_MacOSX_GCC"  ./src/Class7cpp.o ./src/Solution_cppSourcefile.o ./src/hw_cpp_project_MacOSX_GCC.o   
Finished building target: hw_cpp_project_MacOSX_GCC
 
15:22:49 **** Build of configuration Debug for project test_MacOSX_GCC ****
make all 
Building file: ../src/test_MacOSX_GCC.cpp
Invoking: GCC C++ Compiler
g++ -O0 -g3 -Wall -c -fmessage-length=0 -MMD -MP -MF"src/test_MacOSX_GCC.d" -MT"src/test_MacOSX_GCC.o" -o "src/test_MacOSX_GCC.o" "../src/test_MacOSX_GCC.cpp"
Finished building: ../src/test_MacOSX_GCC.cpp
 
Building target: test_MacOSX_GCC
Invoking: MacOS X C++ Linker
g++  -o "test_MacOSX_GCC"  ./src/test_MacOSX_GCC.o   
Finished building target: test_MacOSX_GCC
 
15:22:57 **** Incremental Build of configuration Debug for project HelloWorldTest2_DK_Beaglebone ****
make all 
make: Nothing to be done for `all'.
15:32:47 **** Incremental Build of configuration Debug for project CPPhowtoprogram8th_TheCppProgramming2ndedtion_HelloWCppP_MacOSX_GCC ****
make all 
make: Nothing to be done for `all'.
15:32:47 **** Incremental Build of configuration Debug for project HelloWorldTest2_DK_Beaglebone ****
make all 
make: Nothing to be done for `all'.
15:32:47 **** Incremental Build of configuration Debug for project hw_cpp_project_MacOSX_GCC ****
make all 
make: Nothing to be done for `all'.
15:32:48 **** Incremental Build of configuration Debug for project test_MacOSX_GCC ****
make all 
make: Nothing to be done for `all'.
15:32:57 **** Clean-only build of configuration Debug for project CPPhowtoprogram8th_TheCppProgramming2ndedtion_HelloWCppP_MacOSX_GCC ****
make clean 
rm -rf  ./src/CPPhowtoprogram8th_TheCppProgramming2ndedtion_HelloWCppP_MacOSX_GCC.o ./src/GradeBook.o ./src/Leetcode_num78.o  ./src/CPPhowtoprogram8th_TheCppProgramming2ndedtion_HelloWCppP_MacOSX_GCC.d ./src/GradeBook.d ./src/Leetcode_num78.d  CPPhowtoprogram8th_TheCppProgramming2ndedtion_HelloWCppP_MacOSX_GCC
 
15:32:57 **** Clean-only build of configuration Debug for project HelloWorldTest2_DK_Beaglebone ****
make clean 
rm -rf  ./src/HelloWorldTest2_DK_Beaglebone.o  ./src/HelloWorldTest2_DK_Beaglebone.d  HelloWorldTest2_DK_Beaglebone
 
15:32:57 **** Clean-only build of configuration Debug for project hw_cpp_project_MacOSX_GCC ****
make clean 
rm -rf  ./src/Class7cpp.o ./src/Solution_cppSourcefile.o ./src/hw_cpp_project_MacOSX_GCC.o  ./src/Class7cpp.d ./src/Solution_cppSourcefile.d ./src/hw_cpp_project_MacOSX_GCC.d  hw_cpp_project_MacOSX_GCC
 
15:32:57 **** Clean-only build of configuration Debug for project test_MacOSX_GCC ****
make clean 
rm -rf  ./src/test_MacOSX_GCC.o  ./src/test_MacOSX_GCC.d  test_MacOSX_GCC
 
15:33:05 **** Build of configuration Debug for project CPPhowtoprogram8th_TheCppProgramming2ndedtion_HelloWCppP_MacOSX_GCC ****
make all 
Building file: ../src/CPPhowtoprogram8th_TheCppProgramming2ndedtion_HelloWCppP_MacOSX_GCC.cpp
Invoking: GCC C++ Compiler
g++ -O0 -g3 -Wall -c -fmessage-length=0 -MMD -MP -MF"src/CPPhowtoprogram8th_TheCppProgramming2ndedtion_HelloWCppP_MacOSX_GCC.d" -MT"src/CPPhowtoprogram8th_TheCppProgramming2ndedtion_HelloWCppP_MacOSX_GCC.o" -o "src/CPPhowtoprogram8th_TheCppProgramming2ndedtion_HelloWCppP_MacOSX_GCC.o" "../src/CPPhowtoprogram8th_TheCppProgramming2ndedtion_HelloWCppP_MacOSX_GCC.cpp"
In file included from ../src/CPPhowtoprogram8th_TheCppProgramming2ndedtion_HelloWCppP_MacOSX_GCC.cpp:3:
../src/Leetcode_num78.cpp:19:15: warning: 'auto' type specifier is a C++11 extension [-Wc++11-extensions]
                for (auto it = nums.begin(); it != nums.end(); ++it) {
                     ^
1 warning generated.
Finished building: ../src/CPPhowtoprogram8th_TheCppProgramming2ndedtion_HelloWCppP_MacOSX_GCC.cpp
 
Building file: ../src/GradeBook.cpp
Invoking: GCC C++ Compiler
g++ -O0 -g3 -Wall -c -fmessage-length=0 -MMD -MP -MF"src/GradeBook.d" -MT"src/GradeBook.o" -o "src/GradeBook.o" "../src/GradeBook.cpp"
Finished building: ../src/GradeBook.cpp
 
Building file: ../src/Leetcode_num78.cpp
Invoking: GCC C++ Compiler
g++ -O0 -g3 -Wall -c -fmessage-length=0 -MMD -MP -MF"src/Leetcode_num78.d" -MT"src/Leetcode_num78.o" -o "src/Leetcode_num78.o" "../src/Leetcode_num78.cpp"
../src/Leetcode_num78.cpp:19:15: warning: 'auto' type specifier is a C++11 extension [-Wc++11-extensions]
                for (auto it = nums.begin(); it != nums.end(); ++it) {
                     ^
1 warning generated.
Finished building: ../src/Leetcode_num78.cpp
 
Building target: CPPhowtoprogram8th_TheCppProgramming2ndedtion_HelloWCppP_MacOSX_GCC
Invoking: MacOS X C++ Linker
g++  -o "CPPhowtoprogram8th_TheCppProgramming2ndedtion_HelloWCppP_MacOSX_GCC"  ./src/CPPhowtoprogram8th_TheCppProgramming2ndedtion_HelloWCppP_MacOSX_GCC.o ./src/GradeBook.o ./src/Leetcode_num78.o   
Finished building target: CPPhowtoprogram8th_TheCppProgramming2ndedtion_HelloWCppP_MacOSX_GCC
 
15:33:07 **** Build of configuration Debug for project HelloWorldTest2_DK_Beaglebone ****
make all 
Building file: ../src/HelloWorldTest2_DK_Beaglebone.cpp
Invoking: GCC C++ Compiler
g++ -O0 -g3 -Wall -c -fmessage-length=0 -MMD -MP -MF"src/HelloWorldTest2_DK_Beaglebone.d" -MT"src/HelloWorldTest2_DK_Beaglebone.o" -o "src/HelloWorldTest2_DK_Beaglebone.o" "../src/HelloWorldTest2_DK_Beaglebone.cpp"
Finished building: ../src/HelloWorldTest2_DK_Beaglebone.cpp
 
Building target: HelloWorldTest2_DK_Beaglebone
Invoking: MacOS X C++ Linker
g++  -o "HelloWorldTest2_DK_Beaglebone"  ./src/HelloWorldTest2_DK_Beaglebone.o   
Finished building target: HelloWorldTest2_DK_Beaglebone
 
15:33:08 **** Build of configuration Debug for project hw_cpp_project_MacOSX_GCC ****
make all 
Building file: ../src/Class7cpp.cpp
Invoking: GCC C++ Compiler
g++ -O0 -g3 -Wall -c -fmessage-length=0 -MMD -MP -MF"src/Class7cpp.d" -MT"src/Class7cpp.o" -o "src/Class7cpp.o" "../src/Class7cpp.cpp"
Finished building: ../src/Class7cpp.cpp
 
Building file: ../src/Solution_cppSourcefile.cpp
Invoking: GCC C++ Compiler
g++ -O0 -g3 -Wall -c -fmessage-length=0 -MMD -MP -MF"src/Solution_cppSourcefile.d" -MT"src/Solution_cppSourcefile.o" -o "src/Solution_cppSourcefile.o" "../src/Solution_cppSourcefile.cpp"
../src/Solution_cppSourcefile.cpp:19:2: warning: control may reach end of non-void function [-Wreturn-type]
        }
        ^
1 warning generated.
Finished building: ../src/Solution_cppSourcefile.cpp
 
Building file: ../src/hw_cpp_project_MacOSX_GCC.cpp
Invoking: GCC C++ Compiler
g++ -O0 -g3 -Wall -c -fmessage-length=0 -MMD -MP -MF"src/hw_cpp_project_MacOSX_GCC.d" -MT"src/hw_cpp_project_MacOSX_GCC.o" -o "src/hw_cpp_project_MacOSX_GCC.o" "../src/hw_cpp_project_MacOSX_GCC.cpp"
In file included from ../src/hw_cpp_project_MacOSX_GCC.cpp:10:
../src/Solution_cppSourcefile.cpp:19:2: warning: control may reach end of non-void function [-Wreturn-type]
        }
        ^
1 warning generated.
Finished building: ../src/hw_cpp_project_MacOSX_GCC.cpp
 
Building target: hw_cpp_project_MacOSX_GCC
Invoking: MacOS X C++ Linker
g++  -o "hw_cpp_project_MacOSX_GCC"  ./src/Class7cpp.o ./src/Solution_cppSourcefile.o ./src/hw_cpp_project_MacOSX_GCC.o   
Finished building target: hw_cpp_project_MacOSX_GCC
 
15:33:10 **** Build of configuration Debug for project test_MacOSX_GCC ****
make all 
Building file: ../src/test_MacOSX_GCC.cpp
Invoking: GCC C++ Compiler
g++ -O0 -g3 -Wall -c -fmessage-length=0 -MMD -MP -MF"src/test_MacOSX_GCC.d" -MT"src/test_MacOSX_GCC.o" -o "src/test_MacOSX_GCC.o" "../src/test_MacOSX_GCC.cpp"
Finished building: ../src/test_MacOSX_GCC.cpp
 
Building target: test_MacOSX_GCC
Invoking: MacOS X C++ Linker
g++  -o "test_MacOSX_GCC"  ./src/test_MacOSX_GCC.o   
Finished building target: test_MacOSX_GCC
 
15:33:15 **** Incremental Build of configuration Debug for project HelloWorldTest2_DK_Beaglebone ****
make all 
Building file: ../src/HelloWorldTest2_DK_Beaglebone.cpp
Invoking: GCC C++ Compiler
g++ -O0 -g3 -Wall -c -fmessage-length=0 -MMD -MP -MF"src/HelloWorldTest2_DK_Beaglebone.d" -MT"src/HelloWorldTest2_DK_Beaglebone.o" -o "src/HelloWorldTest2_DK_Beaglebone.o" "../src/HelloWorldTest2_DK_Beaglebone.cpp"
../src/HelloWorldTest2_DK_Beaglebone.cpp:17:22: warning: conversion from string literal to 'char *' is deprecated [-Wc++11-compat-deprecated-writable-strings]
        char *LEDBrightness="/sys/class/leds/beaglebon::usr3/brightness";
                            ^
1 warning generated.
Finished building: ../src/HelloWorldTest2_DK_Beaglebone.cpp
 
Building target: HelloWorldTest2_DK_Beaglebone
Invoking: MacOS X C++ Linker
g++  -o "HelloWorldTest2_DK_Beaglebone"  ./src/HelloWorldTest2_DK_Beaglebone.o   
Finished building target: HelloWorldTest2_DK_Beaglebone
 
08:56:15 **** Build of configuration Debug for project HelloWorldTest2_DK_Beaglebone ****
make all 
make: Nothing to be done for `all'.
08:18:15 **** Incremental Build of configuration Debug for project HelloWorldTest2_DK_Beaglebone ****
make all 
make: Nothing to be done for `all'.
08:26:54 **** Build of configuration Debug for project CPPhowtoprogram8th_TheCppProgramming2ndedtion_HelloWCppP_MacOSX_GCC ****
make all 
Building file: ../src/Leetcodenum28strStrcppsolution.cpp
Invoking: GCC C++ Compiler
g++ -O0 -g3 -Wall -c -fmessage-length=0 -MMD -MP -MF"src/Leetcodenum28strStrcppsolution.d" -MT"src/Leetcodenum28strStrcppsolution.o" -o "src/Leetcodenum28strStrcppsolution.o" "../src/Leetcodenum28strStrcppsolution.cpp"
Finished building: ../src/Leetcodenum28strStrcppsolution.cpp
 
Building target: CPPhowtoprogram8th_TheCppProgramming2ndedtion_HelloWCppP_MacOSX_GCC
Invoking: MacOS X C++ Linker
g++  -o "CPPhowtoprogram8th_TheCppProgramming2ndedtion_HelloWCppP_MacOSX_GCC"  ./src/CPPhowtoprogram8th_TheCppProgramming2ndedtion_HelloWCppP_MacOSX_GCC.o ./src/GradeBook.o ./src/Leetcode_num78.o ./src/Leetcodenum28strStrcppsolution.o   
duplicate symbol _main in:
    ./src/CPPhowtoprogram8th_TheCppProgramming2ndedtion_HelloWCppP_MacOSX_GCC.o
    ./src/Leetcodenum28strStrcppsolution.o
ld: 1 duplicate symbol for architecture x86_64
clang: error: linker command failed with exit code 1 (use -v to see invocation)
make: *** [CPPhowtoprogram8th_TheCppProgramming2ndedtion_HelloWCppP_MacOSX_GCC] Error 1
"make all" terminated with exit code 2. Build might be incomplete.
08:28:58 **** Incremental Build of configuration Debug for project CPPhowtoprogram8th_TheCppProgramming2ndedtion_HelloWCppP_MacOSX_GCC ****
make all 
Building target: CPPhowtoprogram8th_TheCppProgramming2ndedtion_HelloWCppP_MacOSX_GCC
Invoking: MacOS X C++ Linker
g++  -o "CPPhowtoprogram8th_TheCppProgramming2ndedtion_HelloWCppP_MacOSX_GCC"  ./src/CPPhowtoprogram8th_TheCppProgramming2ndedtion_HelloWCppP_MacOSX_GCC.o ./src/GradeBook.o ./src/Leetcode_num78.o   
Finished building target: CPPhowtoprogram8th_TheCppProgramming2ndedtion_HelloWCppP_MacOSX_GCC
 
08:28:58 **** Incremental Build of configuration Debug for project HelloWorldTest2_DK_Beaglebone ****
make all 
make: Nothing to be done for `all'.
08:28:58 **** Build of configuration Debug for project hw_cpp_project_MacOSX_GCC ****
make all 
make: Nothing to be done for `all'.
08:28:58 **** Build of configuration Debug for project test_MacOSX_GCC ****
make all 
make: Nothing to be done for `all'.
08:29:04 **** Incremental Build of configuration Debug for project CPPhowtoprogram8th_TheCppProgramming2ndedtion_HelloWCppP_MacOSX_GCC ****
make all 
make: Nothing to be done for `all'.
08:30:07 **** Incremental Build of configuration Debug for project CPPhowtoprogram8th_TheCppProgramming2ndedtion_HelloWCppP_MacOSX_GCC ****
make all 
make: Nothing to be done for `all'.
08:30:13 **** Incremental Build of configuration Debug for project hw_cpp_project_MacOSX_GCC ****
make all 
make: Nothing to be done for `all'.
08:34:26 **** Incremental Build of configuration Debug for project CPPhowtoprogram8th_TheCppProgramming2ndedtion_HelloWCppP_MacOSX_GCC ****
make all 
Building file: ../src/CPPhowtoprogram8th_TheCppProgramming2ndedtion_HelloWCppP_MacOSX_GCC.cpp
Invoking: GCC C++ Compiler
g++ -O0 -g3 -Wall -c -fmessage-length=0 -MMD -MP -MF"src/CPPhowtoprogram8th_TheCppProgramming2ndedtion_HelloWCppP_MacOSX_GCC.d" -MT"src/CPPhowtoprogram8th_TheCppProgramming2ndedtion_HelloWCppP_MacOSX_GCC.o" -o "src/CPPhowtoprogram8th_TheCppProgramming2ndedtion_HelloWCppP_MacOSX_GCC.o" "../src/CPPhowtoprogram8th_TheCppProgramming2ndedtion_HelloWCppP_MacOSX_GCC.cpp"
In file included from ../src/CPPhowtoprogram8th_TheCppProgramming2ndedtion_HelloWCppP_MacOSX_GCC.cpp:4:
../src/Leetcode_num75.cpp:19:15: warning: 'auto' type specifier is a C++11 extension [-Wc++11-extensions]
                for (auto it = nums.begin(); it != nums.end(); ++it) {
                     ^
1 warning generated.
Finished building: ../src/CPPhowtoprogram8th_TheCppProgramming2ndedtion_HelloWCppP_MacOSX_GCC.cpp
 
Building file: ../src/Leetcode_num75.cpp
Invoking: GCC C++ Compiler
g++ -O0 -g3 -Wall -c -fmessage-length=0 -MMD -MP -MF"src/Leetcode_num75.d" -MT"src/Leetcode_num75.o" -o "src/Leetcode_num75.o" "../src/Leetcode_num75.cpp"
../src/Leetcode_num75.cpp:19:15: warning: 'auto' type specifier is a C++11 extension [-Wc++11-extensions]
                for (auto it = nums.begin(); it != nums.end(); ++it) {
                     ^
1 warning generated.
Finished building: ../src/Leetcode_num75.cpp
 
Building target: CPPhowtoprogram8th_TheCppProgramming2ndedtion_HelloWCppP_MacOSX_GCC
Invoking: MacOS X C++ Linker
g++  -o "CPPhowtoprogram8th_TheCppProgramming2ndedtion_HelloWCppP_MacOSX_GCC"  ./src/CPPhowtoprogram8th_TheCppProgramming2ndedtion_HelloWCppP_MacOSX_GCC.o ./src/GradeBook.o ./src/Leetcode_num75.o   
Finished building target: CPPhowtoprogram8th_TheCppProgramming2ndedtion_HelloWCppP_MacOSX_GCC
 
08:34:28 **** Incremental Build of configuration Debug for project hw_cpp_project_MacOSX_GCC ****
make all 
make: Nothing to be done for `all'.
08:34:42 **** Incremental Build of configuration Debug for project CPPhowtoprogram8th_TheCppProgramming2ndedtion_HelloWCppP_MacOSX_GCC ****
make all 
make: Nothing to be done for `all'.
08:41:31 **** Incremental Build of configuration Debug for project CPPhowtoprogram8th_TheCppProgramming2ndedtion_HelloWCppP_MacOSX_GCC ****
make all 
Building file: ../src/CPPhowtoprogram8th_TheCppProgramming2ndedtion_HelloWCppP_MacOSX_GCC.cpp
Invoking: GCC C++ Compiler
g++ -O0 -g3 -Wall -c -fmessage-length=0 -MMD -MP -MF"src/CPPhowtoprogram8th_TheCppProgramming2ndedtion_HelloWCppP_MacOSX_GCC.d" -MT"src/CPPhowtoprogram8th_TheCppProgramming2ndedtion_HelloWCppP_MacOSX_GCC.o" -o "src/CPPhowtoprogram8th_TheCppProgramming2ndedtion_HelloWCppP_MacOSX_GCC.o" "../src/CPPhowtoprogram8th_TheCppProgramming2ndedtion_HelloWCppP_MacOSX_GCC.cpp"
In file included from ../src/CPPhowtoprogram8th_TheCppProgramming2ndedtion_HelloWCppP_MacOSX_GCC.cpp:4:
../src/Leetcode_num75.cpp:19:15: warning: 'auto' type specifier is a C++11 extension [-Wc++11-extensions]
                for (auto it = nums.begin(); it != nums.end(); ++it) {
                     ^
1 warning generated.
Finished building: ../src/CPPhowtoprogram8th_TheCppProgramming2ndedtion_HelloWCppP_MacOSX_GCC.cpp
 
Building file: ../src/cppSourceFile_Leetcode28_strStr_withmain_three.cpp
Invoking: GCC C++ Compiler
g++ -O0 -g3 -Wall -c -fmessage-length=0 -MMD -MP -MF"src/cppSourceFile_Leetcode28_strStr_withmain_three.d" -MT"src/cppSourceFile_Leetcode28_strStr_withmain_three.o" -o "src/cppSourceFile_Leetcode28_strStr_withmain_three.o" "../src/cppSourceFile_Leetcode28_strStr_withmain_three.cpp"
Finished building: ../src/cppSourceFile_Leetcode28_strStr_withmain_three.cpp
 
Building target: CPPhowtoprogram8th_TheCppProgramming2ndedtion_HelloWCppP_MacOSX_GCC
Invoking: MacOS X C++ Linker
g++  -o "CPPhowtoprogram8th_TheCppProgramming2ndedtion_HelloWCppP_MacOSX_GCC"  ./src/CPPhowtoprogram8th_TheCppProgramming2ndedtion_HelloWCppP_MacOSX_GCC.o ./src/GradeBook.o ./src/Leetcode_num75.o ./src/cppSourceFile_Leetcode28_strStr_withmain_three.o   
Finished building target: CPPhowtoprogram8th_TheCppProgramming2ndedtion_HelloWCppP_MacOSX_GCC
 
08:41:32 **** Incremental Build of configuration Debug for project hw_cpp_project_MacOSX_GCC ****
make all 
make: Nothing to be done for `all'.
08:41:36 **** Incremental Build of configuration Debug for project CPPhowtoprogram8th_TheCppProgramming2ndedtion_HelloWCppP_MacOSX_GCC ****
make all 
make: Nothing to be done for `all'.
09:36:51 **** Incremental Build of configuration Debug for project CPPhowtoprogram8th_TheCppProgramming2ndedtion_HelloWCppP_MacOSX_GCC ****
make all 
Building target: CPPhowtoprogram8th_TheCppProgramming2ndedtion_HelloWCppP_MacOSX_GCC
Invoking: MacOS X C++ Linker
g++  -o "CPPhowtoprogram8th_TheCppProgramming2ndedtion_HelloWCppP_MacOSX_GCC"  ./src/CPPhowtoprogram8th_TheCppProgramming2ndedtion_HelloWCppP_MacOSX_GCC.o ./src/GradeBook.o ./src/Leetcode_num75.o   
Undefined symbols for architecture x86_64:
  "_main", referenced from:
     implicit entry/start for main executable
ld: symbol(s) not found for architecture x86_64
clang: error: linker command failed with exit code 1 (use -v to see invocation)
make: *** [CPPhowtoprogram8th_TheCppProgramming2ndedtion_HelloWCppP_MacOSX_GCC] Error 1
"make all" terminated with exit code 2. Build might be incomplete.
09:36:56 **** Incremental Build of configuration Debug for project hw_cpp_project_MacOSX_GCC ****
make all 
make: Nothing to be done for `all'.
09:37:16 **** Incremental Build of configuration Debug for project CPPhowtoprogram8th_TheCppProgramming2ndedtion_HelloWCppP_MacOSX_GCC ****
make all 
Building target: CPPhowtoprogram8th_TheCppProgramming2ndedtion_HelloWCppP_MacOSX_GCC
Invoking: MacOS X C++ Linker
g++  -o "CPPhowtoprogram8th_TheCppProgramming2ndedtion_HelloWCppP_MacOSX_GCC"  ./src/CPPhowtoprogram8th_TheCppProgramming2ndedtion_HelloWCppP_MacOSX_GCC.o ./src/GradeBook.o ./src/Leetcode_num75.o   
Undefined symbols for architecture x86_64:
  "_main", referenced from:
     implicit entry/start for main executable
ld: symbol(s) not found for architecture x86_64
clang: error: linker command failed with exit code 1 (use -v to see invocation)
make: *** [CPPhowtoprogram8th_TheCppProgramming2ndedtion_HelloWCppP_MacOSX_GCC] Error 1
"make all" terminated with exit code 2. Build might be incomplete.
09:38:16 **** Incremental Build of configuration Debug for project CPPhowtoprogram8th_TheCppProgramming2ndedtion_HelloWCppP_MacOSX_GCC ****
make all 
Building file: ../src/CPPhowtoprogram8th_TheCppProgramming2ndedtion_HelloWCppP_MacOSX_GCC.cpp
Invoking: GCC C++ Compiler
g++ -O0 -g3 -Wall -c -fmessage-length=0 -MMD -MP -MF"src/CPPhowtoprogram8th_TheCppProgramming2ndedtion_HelloWCppP_MacOSX_GCC.d" -MT"src/CPPhowtoprogram8th_TheCppProgramming2ndedtion_HelloWCppP_MacOSX_GCC.o" -o "src/CPPhowtoprogram8th_TheCppProgramming2ndedtion_HelloWCppP_MacOSX_GCC.o" "../src/CPPhowtoprogram8th_TheCppProgramming2ndedtion_HelloWCppP_MacOSX_GCC.cpp"
In file included from ../src/CPPhowtoprogram8th_TheCppProgramming2ndedtion_HelloWCppP_MacOSX_GCC.cpp:4:
../src/Leetcode_num75.cpp:19:15: warning: 'auto' type specifier is a C++11 extension [-Wc++11-extensions]
                for (auto it = nums.begin(); it != nums.end(); ++it) {
                     ^
1 warning generated.
Finished building: ../src/CPPhowtoprogram8th_TheCppProgramming2ndedtion_HelloWCppP_MacOSX_GCC.cpp
 
Building target: CPPhowtoprogram8th_TheCppProgramming2ndedtion_HelloWCppP_MacOSX_GCC
Invoking: MacOS X C++ Linker
g++  -o "CPPhowtoprogram8th_TheCppProgramming2ndedtion_HelloWCppP_MacOSX_GCC"  ./src/CPPhowtoprogram8th_TheCppProgramming2ndedtion_HelloWCppP_MacOSX_GCC.o ./src/GradeBook.o ./src/Leetcode_num75.o   
Finished building target: CPPhowtoprogram8th_TheCppProgramming2ndedtion_HelloWCppP_MacOSX_GCC
 
09:38:23 **** Incremental Build of configuration Debug for project hw_cpp_project_MacOSX_GCC ****
make all 
make: Nothing to be done for `all'.
09:38:30 **** Incremental Build of configuration Debug for project CPPhowtoprogram8th_TheCppProgramming2ndedtion_HelloWCppP_MacOSX_GCC ****
make all 
make: Nothing to be done for `all'.
10:11:28 **** Build of configuration Debug for project hw_cpp_project_MacOSX_GCC ****
make all 
make: Nothing to be done for `all'.
10:12:07 **** Build of configuration Debug for project CPPhowtoprogram8th_TheCppProgramming2ndedtion_HelloWCppP_MacOSX_GCC ****
make all 
make: Nothing to be done for `all'.
10:18:37 **** Incremental Build of configuration Debug for project hw_cpp_project_MacOSX_GCC ****
make all 
Building file: ../src/hw_cpp_project_MacOSX_GCC.cpp
Invoking: GCC C++ Compiler
g++ -O0 -g3 -Wall -c -fmessage-length=0 -MMD -MP -MF"src/hw_cpp_project_MacOSX_GCC.d" -MT"src/hw_cpp_project_MacOSX_GCC.o" -o "src/hw_cpp_project_MacOSX_GCC.o" "../src/hw_cpp_project_MacOSX_GCC.cpp"
Finished building: ../src/hw_cpp_project_MacOSX_GCC.cpp
 
Building target: hw_cpp_project_MacOSX_GCC
Invoking: MacOS X C++ Linker
g++  -o "hw_cpp_project_MacOSX_GCC"  ./src/Class7cpp.o ./src/Solution_cppSourcefile.o ./src/hw_cpp_project_MacOSX_GCC.o   
Finished building target: hw_cpp_project_MacOSX_GCC
 
10:19:14 **** Incremental Build of configuration Debug for project hw_cpp_project_MacOSX_GCC ****
make all 
Building file: ../src/hw_cpp_project_MacOSX_GCC.cpp
Invoking: GCC C++ Compiler
g++ -O0 -g3 -Wall -c -fmessage-length=0 -MMD -MP -MF"src/hw_cpp_project_MacOSX_GCC.d" -MT"src/hw_cpp_project_MacOSX_GCC.o" -o "src/hw_cpp_project_MacOSX_GCC.o" "../src/hw_cpp_project_MacOSX_GCC.cpp"
In file included from ../src/hw_cpp_project_MacOSX_GCC.cpp:19:
../src/Solution_cppSourcefile.cpp:19:2: warning: control may reach end of non-void function [-Wreturn-type]
        }
        ^
1 warning generated.
Finished building: ../src/hw_cpp_project_MacOSX_GCC.cpp
 
Building target: hw_cpp_project_MacOSX_GCC
Invoking: MacOS X C++ Linker
g++  -o "hw_cpp_project_MacOSX_GCC"  ./src/Class7cpp.o ./src/Solution_cppSourcefile.o ./src/hw_cpp_project_MacOSX_GCC.o   
Finished building target: hw_cpp_project_MacOSX_GCC
 
23:03:05 **** Incremental Build of configuration Debug for project hw_cpp_project_MacOSX_GCC ****
make all 
Building file: ../src/fig02_01.cpp
Invoking: GCC C++ Compiler
g++ -O0 -g3 -Wall -c -fmessage-length=0 -MMD -MP -MF"src/fig02_01.d" -MT"src/fig02_01.o" -o "src/fig02_01.o" "../src/fig02_01.cpp"
Finished building: ../src/fig02_01.cpp
 
Building file: ../src/hw_cpp_project_MacOSX_GCC.cpp
Invoking: GCC C++ Compiler
g++ -O0 -g3 -Wall -c -fmessage-length=0 -MMD -MP -MF"src/hw_cpp_project_MacOSX_GCC.d" -MT"src/hw_cpp_project_MacOSX_GCC.o" -o "src/hw_cpp_project_MacOSX_GCC.o" "../src/hw_cpp_project_MacOSX_GCC.cpp"
In file included from ../src/hw_cpp_project_MacOSX_GCC.cpp:19:
../src/Solution_cppSourcefile.cpp:19:2: warning: control may reach end of non-void function [-Wreturn-type]
        }
        ^
1 warning generated.
Finished building: ../src/hw_cpp_project_MacOSX_GCC.cpp
 
Building target: hw_cpp_project_MacOSX_GCC
Invoking: MacOS X C++ Linker
g++  -o "hw_cpp_project_MacOSX_GCC"  ./src/Class7cpp.o ./src/Solution_cppSourcefile.o ./src/fig02_01.o ./src/hw_cpp_project_MacOSX_GCC.o   
Finished building target: hw_cpp_project_MacOSX_GCC
 
14:46:49 **** Incremental Build of configuration Debug for project CPPhowtoprogram8th_TheCppProgramming2ndedtion_HelloWCppP_MacOSX_GCC ****
make all 
make: Nothing to be done for `all'.
14:46:49 **** Incremental Build of configuration Debug for project hw_cpp_project_MacOSX_GCC ****
make all 
Building file: ../src/fig02_01.cpp
Invoking: GCC C++ Compiler
g++ -O0 -g3 -Wall -c -fmessage-length=0 -MMD -MP -MF"src/fig02_01.d" -MT"src/fig02_01.o" -o "src/fig02_01.o" "../src/fig02_01.cpp"
Finished building: ../src/fig02_01.cpp
 
Building file: ../src/lf_CPP_howtoprogram_fig02_05_Jul3rd_2019.cpp
Invoking: GCC C++ Compiler
g++ -O0 -g3 -Wall -c -fmessage-length=0 -MMD -MP -MF"src/lf_CPP_howtoprogram_fig02_05_Jul3rd_2019.d" -MT"src/lf_CPP_howtoprogram_fig02_05_Jul3rd_2019.o" -o "src/lf_CPP_howtoprogram_fig02_05_Jul3rd_2019.o" "../src/lf_CPP_howtoprogram_fig02_05_Jul3rd_2019.cpp"
Finished building: ../src/lf_CPP_howtoprogram_fig02_05_Jul3rd_2019.cpp
 
Building target: hw_cpp_project_MacOSX_GCC
Invoking: MacOS X C++ Linker
g++  -o "hw_cpp_project_MacOSX_GCC"  ./src/Class7cpp.o ./src/Solution_cppSourcefile.o ./src/fig02_01.o ./src/hw_cpp_project_MacOSX_GCC.o ./src/lf_CPP_howtoprogram_fig02_05_Jul3rd_2019.o   
Finished building target: hw_cpp_project_MacOSX_GCC
 
14:47:00 **** Incremental Build of configuration Debug for project hw_cpp_project_MacOSX_GCC ****
make all 
make: Nothing to be done for `all'.
16:18:10 **** Incremental Build of configuration Debug for project hw_cpp_project_MacOSX_GCC ****
make all 
Building file: ../src/lf_CPP_howtoprogram_fig02_05_Jul3rd_2019.cpp
Invoking: GCC C++ Compiler
g++ -O0 -g3 -Wall -c -fmessage-length=0 -MMD -MP -MF"src/lf_CPP_howtoprogram_fig02_05_Jul3rd_2019.d" -MT"src/lf_CPP_howtoprogram_fig02_05_Jul3rd_2019.o" -o "src/lf_CPP_howtoprogram_fig02_05_Jul3rd_2019.o" "../src/lf_CPP_howtoprogram_fig02_05_Jul3rd_2019.cpp"
Finished building: ../src/lf_CPP_howtoprogram_fig02_05_Jul3rd_2019.cpp
 
Building target: hw_cpp_project_MacOSX_GCC
Invoking: MacOS X C++ Linker
g++  -o "hw_cpp_project_MacOSX_GCC"  ./src/Class7cpp.o ./src/Solution_cppSourcefile.o ./src/fig02_01.o ./src/hw_cpp_project_MacOSX_GCC.o ./src/lf_CPP_howtoprogram_fig02_05_Jul3rd_2019.o   
Finished building target: hw_cpp_project_MacOSX_GCC
 
16:26:43 **** Incremental Build of configuration Debug for project CPPhowtoprogram8th_TheCppProgramming2ndedtion_HelloWCppP_MacOSX_GCC ****
make all 
make: Nothing to be done for `all'.
16:26:43 **** Incremental Build of configuration Debug for project hw_cpp_project_MacOSX_GCC ****
make all 
Building file: ../src/lf_CPP_howtoprogram_cppsourcefilecanbefoundwithmain_method_Jul3rd_2019.cpp
Invoking: GCC C++ Compiler
g++ -O0 -g3 -Wall -c -fmessage-length=0 -MMD -MP -MF"src/lf_CPP_howtoprogram_cppsourcefilecanbefoundwithmain_method_Jul3rd_2019.d" -MT"src/lf_CPP_howtoprogram_cppsourcefilecanbefoundwithmain_method_Jul3rd_2019.o" -o "src/lf_CPP_howtoprogram_cppsourcefilecanbefoundwithmain_method_Jul3rd_2019.o" "../src/lf_CPP_howtoprogram_cppsourcefilecanbefoundwithmain_method_Jul3rd_2019.cpp"
Finished building: ../src/lf_CPP_howtoprogram_cppsourcefilecanbefoundwithmain_method_Jul3rd_2019.cpp
 
Building target: hw_cpp_project_MacOSX_GCC
Invoking: MacOS X C++ Linker
g++  -o "hw_cpp_project_MacOSX_GCC"  ./src/Class7cpp.o ./src/Solution_cppSourcefile.o ./src/fig02_01.o ./src/hw_cpp_project_MacOSX_GCC.o ./src/lf_CPP_howtoprogram_cppsourcefilecanbefoundwithmain_method_Jul3rd_2019.o   
Finished building target: hw_cpp_project_MacOSX_GCC
 
16:26:51 **** Incremental Build of configuration Debug for project hw_cpp_project_MacOSX_GCC ****
make all 
make: Nothing to be done for `all'.
16:45:33 **** Incremental Build of configuration Debug for project CPPhowtoprogram8th_TheCppProgramming2ndedtion_HelloWCppP_MacOSX_GCC ****
make all 
make: Nothing to be done for `all'.
16:45:34 **** Incremental Build of configuration Debug for project hw_cpp_project_MacOSX_GCC ****
make all 
Building file: ../src/lf_CPP_howtoprogram_cppsourcefilecanbefoundwithmain_method_Jul3rd_2019.cpp
Invoking: GCC C++ Compiler
g++ -O0 -g3 -Wall -c -fmessage-length=0 -MMD -MP -MF"src/lf_CPP_howtoprogram_cppsourcefilecanbefoundwithmain_method_Jul3rd_2019.d" -MT"src/lf_CPP_howtoprogram_cppsourcefilecanbefoundwithmain_method_Jul3rd_2019.o" -o "src/lf_CPP_howtoprogram_cppsourcefilecanbefoundwithmain_method_Jul3rd_2019.o" "../src/lf_CPP_howtoprogram_cppsourcefilecanbefoundwithmain_method_Jul3rd_2019.cpp"
Finished building: ../src/lf_CPP_howtoprogram_cppsourcefilecanbefoundwithmain_method_Jul3rd_2019.cpp
 
Building target: hw_cpp_project_MacOSX_GCC
Invoking: MacOS X C++ Linker
g++  -o "hw_cpp_project_MacOSX_GCC"  ./src/Class7cpp.o ./src/Solution_cppSourcefile.o ./src/fig02_01.o ./src/hw_cpp_project_MacOSX_GCC.o ./src/lf_CPP_howtoprogram_cppsourcefilecanbefoundwithmain_method_Jul3rd_2019.o   
Finished building target: hw_cpp_project_MacOSX_GCC
 
16:45:42 **** Incremental Build of configuration Debug for project hw_cpp_project_MacOSX_GCC ****
make all 
make: Nothing to be done for `all'.
16:46:14 **** Incremental Build of configuration Debug for project hw_cpp_project_MacOSX_GCC ****
make all 
Building file: ../src/lf_CPP_howtoprogram_cppsourcefilecanbefoundwithmain_method_Jul3rd_2019.cpp
Invoking: GCC C++ Compiler
g++ -O0 -g3 -Wall -c -fmessage-length=0 -MMD -MP -MF"src/lf_CPP_howtoprogram_cppsourcefilecanbefoundwithmain_method_Jul3rd_2019.d" -MT"src/lf_CPP_howtoprogram_cppsourcefilecanbefoundwithmain_method_Jul3rd_2019.o" -o "src/lf_CPP_howtoprogram_cppsourcefilecanbefoundwithmain_method_Jul3rd_2019.o" "../src/lf_CPP_howtoprogram_cppsourcefilecanbefoundwithmain_method_Jul3rd_2019.cpp"
Finished building: ../src/lf_CPP_howtoprogram_cppsourcefilecanbefoundwithmain_method_Jul3rd_2019.cpp
 
Building target: hw_cpp_project_MacOSX_GCC
Invoking: MacOS X C++ Linker
g++  -o "hw_cpp_project_MacOSX_GCC"  ./src/Class7cpp.o ./src/Solution_cppSourcefile.o ./src/fig02_01.o ./src/hw_cpp_project_MacOSX_GCC.o ./src/lf_CPP_howtoprogram_cppsourcefilecanbefoundwithmain_method_Jul3rd_2019.o   
Finished building target: hw_cpp_project_MacOSX_GCC
 
17:05:51 **** Incremental Build of configuration Debug for project CPPhowtoprogram8th_TheCppProgramming2ndedtion_HelloWCppP_MacOSX_GCC ****
make all 
make: Nothing to be done for `all'.
17:05:52 **** Incremental Build of configuration Debug for project hw_cpp_project_MacOSX_GCC ****
make all 
Building file: ../src/lf_CPP_howtoprogram_cppsourcefilecanbefoundwithmain_method_Jul3rd_2019.cpp
Invoking: GCC C++ Compiler
g++ -O0 -g3 -Wall -c -fmessage-length=0 -MMD -MP -MF"src/lf_CPP_howtoprogram_cppsourcefilecanbefoundwithmain_method_Jul3rd_2019.d" -MT"src/lf_CPP_howtoprogram_cppsourcefilecanbefoundwithmain_method_Jul3rd_2019.o" -o "src/lf_CPP_howtoprogram_cppsourcefilecanbefoundwithmain_method_Jul3rd_2019.o" "../src/lf_CPP_howtoprogram_cppsourcefilecanbefoundwithmain_method_Jul3rd_2019.cpp"
Finished building: ../src/lf_CPP_howtoprogram_cppsourcefilecanbefoundwithmain_method_Jul3rd_2019.cpp
 
Building target: hw_cpp_project_MacOSX_GCC
Invoking: MacOS X C++ Linker
g++  -o "hw_cpp_project_MacOSX_GCC"  ./src/Class7cpp.o ./src/Solution_cppSourcefile.o ./src/fig02_01.o ./src/hw_cpp_project_MacOSX_GCC.o ./src/lf_CPP_howtoprogram_cppsourcefilecanbefoundwithmain_method_Jul3rd_2019.o   
Finished building target: hw_cpp_project_MacOSX_GCC
 
17:06:17 **** Incremental Build of configuration Debug for project hw_cpp_project_MacOSX_GCC ****
make all 
Building file: ../src/lf_CPP_howtoprogram_cppsourcefilecanbefoundwithmain_method_Jul3rd_2019.cpp
Invoking: GCC C++ Compiler
g++ -O0 -g3 -Wall -c -fmessage-length=0 -MMD -MP -MF"src/lf_CPP_howtoprogram_cppsourcefilecanbefoundwithmain_method_Jul3rd_2019.d" -MT"src/lf_CPP_howtoprogram_cppsourcefilecanbefoundwithmain_method_Jul3rd_2019.o" -o "src/lf_CPP_howtoprogram_cppsourcefilecanbefoundwithmain_method_Jul3rd_2019.o" "../src/lf_CPP_howtoprogram_cppsourcefilecanbefoundwithmain_method_Jul3rd_2019.cpp"
Finished building: ../src/lf_CPP_howtoprogram_cppsourcefilecanbefoundwithmain_method_Jul3rd_2019.cpp
 
Building target: hw_cpp_project_MacOSX_GCC
Invoking: MacOS X C++ Linker
g++  -o "hw_cpp_project_MacOSX_GCC"  ./src/Class7cpp.o ./src/Solution_cppSourcefile.o ./src/fig02_01.o ./src/hw_cpp_project_MacOSX_GCC.o ./src/lf_CPP_howtoprogram_cppsourcefilecanbefoundwithmain_method_Jul3rd_2019.o   
Finished building target: hw_cpp_project_MacOSX_GCC
 
17:06:41 **** Incremental Build of configuration Debug for project CPPhowtoprogram8th_TheCppProgramming2ndedtion_HelloWCppP_MacOSX_GCC ****
make all 
make: Nothing to be done for `all'.
17:06:42 **** Incremental Build of configuration Debug for project hw_cpp_project_MacOSX_GCC ****
make all 
Building file: ../src/lf_CPP_howtoprogram_cppsourcefilecanbefoundwithmain_method_Jul3rd_2019.cpp
Invoking: GCC C++ Compiler
g++ -O0 -g3 -Wall -c -fmessage-length=0 -MMD -MP -MF"src/lf_CPP_howtoprogram_cppsourcefilecanbefoundwithmain_method_Jul3rd_2019.d" -MT"src/lf_CPP_howtoprogram_cppsourcefilecanbefoundwithmain_method_Jul3rd_2019.o" -o "src/lf_CPP_howtoprogram_cppsourcefilecanbefoundwithmain_method_Jul3rd_2019.o" "../src/lf_CPP_howtoprogram_cppsourcefilecanbefoundwithmain_method_Jul3rd_2019.cpp"
Finished building: ../src/lf_CPP_howtoprogram_cppsourcefilecanbefoundwithmain_method_Jul3rd_2019.cpp
 
Building target: hw_cpp_project_MacOSX_GCC
Invoking: MacOS X C++ Linker
g++  -o "hw_cpp_project_MacOSX_GCC"  ./src/Class7cpp.o ./src/Solution_cppSourcefile.o ./src/fig02_01.o ./src/hw_cpp_project_MacOSX_GCC.o ./src/lf_CPP_howtoprogram_cppsourcefilecanbefoundwithmain_method_Jul3rd_2019.o   
Finished building target: hw_cpp_project_MacOSX_GCC
 
17:07:00 **** Incremental Build of configuration Debug for project hw_cpp_project_MacOSX_GCC ****
make all 
Building file: ../src/lf_CPP_howtoprogram_cppsourcefilecanbefoundwithmain_method_Jul3rd_2019.cpp
Invoking: GCC C++ Compiler
g++ -O0 -g3 -Wall -c -fmessage-length=0 -MMD -MP -MF"src/lf_CPP_howtoprogram_cppsourcefilecanbefoundwithmain_method_Jul3rd_2019.d" -MT"src/lf_CPP_howtoprogram_cppsourcefilecanbefoundwithmain_method_Jul3rd_2019.o" -o "src/lf_CPP_howtoprogram_cppsourcefilecanbefoundwithmain_method_Jul3rd_2019.o" "../src/lf_CPP_howtoprogram_cppsourcefilecanbefoundwithmain_method_Jul3rd_2019.cpp"
Finished building: ../src/lf_CPP_howtoprogram_cppsourcefilecanbefoundwithmain_method_Jul3rd_2019.cpp
 
Building target: hw_cpp_project_MacOSX_GCC
Invoking: MacOS X C++ Linker
g++  -o "hw_cpp_project_MacOSX_GCC"  ./src/Class7cpp.o ./src/Solution_cppSourcefile.o ./src/fig02_01.o ./src/hw_cpp_project_MacOSX_GCC.o ./src/lf_CPP_howtoprogram_cppsourcefilecanbefoundwithmain_method_Jul3rd_2019.o   
Finished building target: hw_cpp_project_MacOSX_GCC
 
20:05:48 **** Incremental Build of configuration Debug for project CPPhowtoprogram8th_TheCppProgramming2ndedtion_HelloWCppP_MacOSX_GCC ****
make all 
make: Nothing to be done for `all'.
20:05:48 **** Incremental Build of configuration Debug for project hw_cpp_project_MacOSX_GCC ****
make all 
Building file: ../src/lf_CPP_howtoprogram_cppsourcefilecanbefoundwithmain_method_Jul3rd_2019.cpp
Invoking: GCC C++ Compiler
g++ -O0 -g3 -Wall -c -fmessage-length=0 -MMD -MP -MF"src/lf_CPP_howtoprogram_cppsourcefilecanbefoundwithmain_method_Jul3rd_2019.d" -MT"src/lf_CPP_howtoprogram_cppsourcefilecanbefoundwithmain_method_Jul3rd_2019.o" -o "src/lf_CPP_howtoprogram_cppsourcefilecanbefoundwithmain_method_Jul3rd_2019.o" "../src/lf_CPP_howtoprogram_cppsourcefilecanbefoundwithmain_method_Jul3rd_2019.cpp"
Finished building: ../src/lf_CPP_howtoprogram_cppsourcefilecanbefoundwithmain_method_Jul3rd_2019.cpp
 
Building target: hw_cpp_project_MacOSX_GCC
Invoking: MacOS X C++ Linker
g++  -o "hw_cpp_project_MacOSX_GCC"  ./src/Class7cpp.o ./src/Solution_cppSourcefile.o ./src/fig02_01.o ./src/hw_cpp_project_MacOSX_GCC.o ./src/lf_CPP_howtoprogram_cppsourcefilecanbefoundwithmain_method_Jul3rd_2019.o   
Finished building target: hw_cpp_project_MacOSX_GCC
 
20:06:00 **** Incremental Build of configuration Debug for project hw_cpp_project_MacOSX_GCC ****
make all 
make: Nothing to be done for `all'.
07:40:15 **** Incremental Build of configuration Debug for project CPPhowtoprogram8th_TheCppProgramming2ndedtion_HelloWCppP_MacOSX_GCC ****
make all 
make: Nothing to be done for `all'.
07:40:16 **** Incremental Build of configuration Debug for project hw_cpp_project_MacOSX_GCC ****
make all 
Building file: ../src/lf_CPP_howtoprogram_cppsourcefilecanbefoundwithmain_method_Jul3rd_2019.cpp
Invoking: GCC C++ Compiler
g++ -O0 -g3 -Wall -c -fmessage-length=0 -MMD -MP -MF"src/lf_CPP_howtoprogram_cppsourcefilecanbefoundwithmain_method_Jul3rd_2019.d" -MT"src/lf_CPP_howtoprogram_cppsourcefilecanbefoundwithmain_method_Jul3rd_2019.o" -o "src/lf_CPP_howtoprogram_cppsourcefilecanbefoundwithmain_method_Jul3rd_2019.o" "../src/lf_CPP_howtoprogram_cppsourcefilecanbefoundwithmain_method_Jul3rd_2019.cpp"
Finished building: ../src/lf_CPP_howtoprogram_cppsourcefilecanbefoundwithmain_method_Jul3rd_2019.cpp
 
Building target: hw_cpp_project_MacOSX_GCC
Invoking: MacOS X C++ Linker
g++  -o "hw_cpp_project_MacOSX_GCC"  ./src/Class7cpp.o ./src/Solution_cppSourcefile.o ./src/fig02_01.o ./src/hw_cpp_project_MacOSX_GCC.o ./src/lf_CPP_howtoprogram_cppsourcefilecanbefoundwithmain_method_Jul3rd_2019.o   
Finished building target: hw_cpp_project_MacOSX_GCC
 
07:40:22 **** Incremental Build of configuration Debug for project hw_cpp_project_MacOSX_GCC ****
make all 
make: Nothing to be done for `all'.
08:48:21 **** Incremental Build of configuration Debug for project CPPhowtoprogram8th_TheCppProgramming2ndedtion_HelloWCppP_MacOSX_GCC ****
make all 
make: Nothing to be done for `all'.
08:48:22 **** Incremental Build of configuration Debug for project hw_cpp_project_MacOSX_GCC ****
make all 
Building file: ../src/lf_CPP_howtoprogram_cppsourcefilecanbefoundwithmain_method_Jul3rd_2019.cpp
Invoking: GCC C++ Compiler
g++ -O0 -g3 -Wall -c -fmessage-length=0 -MMD -MP -MF"src/lf_CPP_howtoprogram_cppsourcefilecanbefoundwithmain_method_Jul3rd_2019.d" -MT"src/lf_CPP_howtoprogram_cppsourcefilecanbefoundwithmain_method_Jul3rd_2019.o" -o "src/lf_CPP_howtoprogram_cppsourcefilecanbefoundwithmain_method_Jul3rd_2019.o" "../src/lf_CPP_howtoprogram_cppsourcefilecanbefoundwithmain_method_Jul3rd_2019.cpp"
Finished building: ../src/lf_CPP_howtoprogram_cppsourcefilecanbefoundwithmain_method_Jul3rd_2019.cpp
 
Building target: hw_cpp_project_MacOSX_GCC
Invoking: MacOS X C++ Linker
g++  -o "hw_cpp_project_MacOSX_GCC"  ./src/Class7cpp.o ./src/Solution_cppSourcefile.o ./src/fig02_01.o ./src/hw_cpp_project_MacOSX_GCC.o ./src/lf_CPP_howtoprogram_cppsourcefilecanbefoundwithmain_method_Jul3rd_2019.o   
Finished building target: hw_cpp_project_MacOSX_GCC
 
08:48:29 **** Incremental Build of configuration Debug for project hw_cpp_project_MacOSX_GCC ****
make all 
make: Nothing to be done for `all'.
08:50:39 **** Incremental Build of configuration Debug for project CPPhowtoprogram8th_TheCppProgramming2ndedtion_HelloWCppP_MacOSX_GCC ****
make all 
make: Nothing to be done for `all'.
08:50:39 **** Incremental Build of configuration Debug for project hw_cpp_project_MacOSX_GCC ****
make all 
make: Nothing to be done for `all'.
08:50:44 **** Incremental Build of configuration Debug for project hw_cpp_project_MacOSX_GCC ****
make all 
Building file: ../src/lf_CPP_howtoprogram_cppsourcefilecanbefoundwithmain_method_Jul3rd_2019.cpp
Invoking: GCC C++ Compiler
g++ -O0 -g3 -Wall -c -fmessage-length=0 -MMD -MP -MF"src/lf_CPP_howtoprogram_cppsourcefilecanbefoundwithmain_method_Jul3rd_2019.d" -MT"src/lf_CPP_howtoprogram_cppsourcefilecanbefoundwithmain_method_Jul3rd_2019.o" -o "src/lf_CPP_howtoprogram_cppsourcefilecanbefoundwithmain_method_Jul3rd_2019.o" "../src/lf_CPP_howtoprogram_cppsourcefilecanbefoundwithmain_method_Jul3rd_2019.cpp"
Finished building: ../src/lf_CPP_howtoprogram_cppsourcefilecanbefoundwithmain_method_Jul3rd_2019.cpp
 
Building target: hw_cpp_project_MacOSX_GCC
Invoking: MacOS X C++ Linker
g++  -o "hw_cpp_project_MacOSX_GCC"  ./src/Class7cpp.o ./src/Solution_cppSourcefile.o ./src/fig02_01.o ./src/hw_cpp_project_MacOSX_GCC.o ./src/lf_CPP_howtoprogram_cppsourcefilecanbefoundwithmain_method_Jul3rd_2019.o   
Finished building target: hw_cpp_project_MacOSX_GCC
 
16:53:35 **** Build of configuration Debug for project hw_cpp_project_MacOSX_GCC ****
make all 
make: Nothing to be done for `all'.
16:55:24 **** Incremental Build of configuration Debug for project hw_cpp_project_MacOSX_GCC ****
make all 
make: Nothing to be done for `all'.
